Using pre-set license
Built from '2020.2/release' branch; Version is '2020.2.1f1 (270dd8c3da1c) revision 2559448'; Using compiler version '192528614'; Build Type 'Release'
OS: 'Windows 10  (10.0.0) 64bit' Language: 'en' Physical Memory: 16226 MB
BatchMode: 1, IsHumanControllingUs: 0, StartBugReporterOnCrash: 0, Is64bit: 1, IsPro: 0

 COMMAND LINE ARGUMENTS:
C:\Users\morte\Desktop\Background Stuff\Unity\2020.2.1f1\Editor\Unity.exe
-adb2
-batchMode
-noUpm
-name
AssetImportWorker0
-projectPath
C:/Users/morte/Desktop/Background Stuff/Unity/Rise_of_Mythos
-logFile
Logs/AssetImportWorker0.log
-srvPort
52108
Successfully changed project path to: C:/Users/morte/Desktop/Background Stuff/Unity/Rise_of_Mythos
C:/Users/morte/Desktop/Background Stuff/Unity/Rise_of_Mythos
Using Asset Import Pipeline V2.
Refreshing native plugins compatible for Editor in 39.57 ms, found 1 plugins.
Preloading 0 native plugins for Editor in 0.00 ms.
Initialize engine version: 2020.2.1f1 (270dd8c3da1c)
[Subsystems] Discovering subsystems at path C:/Users/morte/Desktop/Background Stuff/Unity/2020.2.1f1/Editor/Data/Resources/UnitySubsystems
[Subsystems] Discovering subsystems at path C:/Users/morte/Desktop/Background Stuff/Unity/Rise_of_Mythos/Assets
GfxDevice: creating device client; threaded=0
Direct3D:
    Version:  Direct3D 11.0 [level 11.1]
    Renderer: NVIDIA GeForce GTX 1660 Ti (ID=0x2191)
    Vendor:   
    VRAM:     5991 MB
    Driver:   27.21.14.5167
Initialize mono
Mono path[0] = 'C:/Users/morte/Desktop/Background Stuff/Unity/2020.2.1f1/Editor/Data/Managed'
Mono path[1] = 'C:/Users/morte/Desktop/Background Stuff/Unity/2020.2.1f1/Editor/Data/MonoBleedingEdge/lib/mono/unityjit'
Mono config path = 'C:/Users/morte/Desktop/Background Stuff/Unity/2020.2.1f1/Editor/Data/MonoBleedingEdge/etc'
Using monoOptions --debugger-agent=transport=dt_socket,embedding=1,server=y,suspend=n,address=127.0.0.1:56324
Begin MonoManager ReloadAssembly
Registering precompiled unity dll's ...
Register platform support module: C:/Users/morte/Desktop/Background Stuff/Unity/2020.2.1f1/Editor/Data/PlaybackEngines/WindowsStandaloneSupport/UnityEditor.WindowsStandalone.Extensions.dll
Registered in 0.003576 seconds.
Native extension for WindowsStandalone target not found
Refreshing native plugins compatible for Editor in 36.10 ms, found 1 plugins.
Preloading 0 native plugins for Editor in 0.00 ms.
Invoked RoslynAnalysisRunner static constructor.
RoslynAnalysisRunner will not be running.
RoslynAnalysisRunner has terminated.
Mono: successfully reloaded assembly
- Completed reload, in  1.279 seconds
Platform modules already initialized, skipping
Registering precompiled user dll's ...
Registered in 0.000953 seconds.
Begin MonoManager ReloadAssembly
Native extension for WindowsStandalone target not found
Refreshing native plugins compatible for Editor in 58.54 ms, found 1 plugins.
Preloading 0 native plugins for Editor in 0.00 ms.
Invoked RoslynAnalysisRunner static constructor.
RoslynAnalysisRunner will not be running.
RoslynAnalysisRunner has terminated.
Mono: successfully reloaded assembly
- Completed reload, in  1.810 seconds
Platform modules already initialized, skipping
========================================================================
Worker process is ready to serve import requests
Launched and connected shader compiler UnityShaderCompiler.exe after 0.06 seconds
Refreshing native plugins compatible for Editor in 0.76 ms, found 1 plugins.
Preloading 0 native plugins for Editor in 0.00 ms.
Unloading 1811 Unused Serialized files (Serialized files now loaded: 0)
System memory in use before: 86.0 MB.
System memory in use after: 86.1 MB.

Unloading 19 unused Assets to reduce memory usage. Loaded Objects now: 2257.
Total: 5.261200 ms (FindLiveObjects: 0.950600 ms CreateObjectMapping: 0.350500 ms MarkObjects: 3.843300 ms  DeleteObjects: 0.113600 ms)

========================================================================
Received Import Request.
  path: Assets/Special.cs
  artifactKey: Guid(5ebd70cc9b53ad04182273ffe9a3d553) Importer(815301076,1909f56bfc062723c751e8b465ee728b)
Start importing Assets/Special.cs using Guid(5ebd70cc9b53ad04182273ffe9a3d553) Importer(815301076,1909f56bfc062723c751e8b465ee728b)  -> (artifact id: 'd5209e54164debd97b92de50fe4f8832') in 0.085856 seconds
  Import took 0.093240 seconds .

========================================================================
Received Import Request.
  Time since last request: 259.201775 seconds.
  path: Assets/Special.cs
  artifactKey: Guid(5ebd70cc9b53ad04182273ffe9a3d553) Importer(815301076,1909f56bfc062723c751e8b465ee728b)
Start importing Assets/Special.cs using Guid(5ebd70cc9b53ad04182273ffe9a3d553) Importer(815301076,1909f56bfc062723c751e8b465ee728b)  -> (artifact id: '4f6733b3303055a72a232dc0a7a79877') in 0.003600 seconds
  Import took 0.007452 seconds .

========================================================================
Received Import Request.
  Time since last request: 741.390784 seconds.
  path: Assets/Special.cs
  artifactKey: Guid(5ebd70cc9b53ad04182273ffe9a3d553) Importer(815301076,1909f56bfc062723c751e8b465ee728b)
Start importing Assets/Special.cs using Guid(5ebd70cc9b53ad04182273ffe9a3d553) Importer(815301076,1909f56bfc062723c751e8b465ee728b)  -> (artifact id: '0f501f88e47d77ebc80ec16725c5725a') in 0.003326 seconds
  Import took 0.007640 seconds .

========================================================================
Received Import Request.
  Time since last request: 89.227678 seconds.
  path: Assets/Special.cs
  artifactKey: Guid(5ebd70cc9b53ad04182273ffe9a3d553) Importer(815301076,1909f56bfc062723c751e8b465ee728b)
Start importing Assets/Special.cs using Guid(5ebd70cc9b53ad04182273ffe9a3d553) Importer(815301076,1909f56bfc062723c751e8b465ee728b)  -> (artifact id: '3df8aef00954072f78ec194dd5a18d91') in 0.002856 seconds
  Import took 0.005760 seconds .

========================================================================
Received Import Request.
  Time since last request: 4.860877 seconds.
  path: Assets/Special.cs
  artifactKey: Guid(5ebd70cc9b53ad04182273ffe9a3d553) Importer(815301076,1909f56bfc062723c751e8b465ee728b)
Start importing Assets/Special.cs using Guid(5ebd70cc9b53ad04182273ffe9a3d553) Importer(815301076,1909f56bfc062723c751e8b465ee728b)  -> (artifact id: '585716502b5ec3128400a1619717da98') in 0.002505 seconds
  Import took 0.005899 seconds .

========================================================================
Received Import Request.
  Time since last request: 5.513609 seconds.
  path: Assets/Special.cs
  artifactKey: Guid(5ebd70cc9b53ad04182273ffe9a3d553) Importer(815301076,1909f56bfc062723c751e8b465ee728b)
Start importing Assets/Special.cs using Guid(5ebd70cc9b53ad04182273ffe9a3d553) Importer(815301076,1909f56bfc062723c751e8b465ee728b)  -> (artifact id: '4e9e417f28f1cb57cefc4c27763cecc7') in 0.002845 seconds
  Import took 0.006469 seconds .

========================================================================
Received Import Request.
  Time since last request: 7.836580 seconds.
  path: Assets/Special.cs
  artifactKey: Guid(5ebd70cc9b53ad04182273ffe9a3d553) Importer(815301076,1909f56bfc062723c751e8b465ee728b)
Start importing Assets/Special.cs using Guid(5ebd70cc9b53ad04182273ffe9a3d553) Importer(815301076,1909f56bfc062723c751e8b465ee728b)  -> (artifact id: '9655e33f6cbb1b079bc519a3fdeec63d') in 0.003549 seconds
  Import took 0.007188 seconds .

========================================================================
Received Import Request.
  Time since last request: 10.850216 seconds.
  path: Assets/Special.cs
  artifactKey: Guid(5ebd70cc9b53ad04182273ffe9a3d553) Importer(815301076,1909f56bfc062723c751e8b465ee728b)
Start importing Assets/Special.cs using Guid(5ebd70cc9b53ad04182273ffe9a3d553) Importer(815301076,1909f56bfc062723c751e8b465ee728b)  -> (artifact id: '1525366a799d2889cd88176c7486c437') in 0.002737 seconds
  Import took 0.005835 seconds .

========================================================================
Received Import Request.
  Time since last request: 81.127001 seconds.
  path: Assets/Special.cs
  artifactKey: Guid(5ebd70cc9b53ad04182273ffe9a3d553) Importer(815301076,1909f56bfc062723c751e8b465ee728b)
Start importing Assets/Special.cs using Guid(5ebd70cc9b53ad04182273ffe9a3d553) Importer(815301076,1909f56bfc062723c751e8b465ee728b)  -> (artifact id: '359748ea5b5881f4418cc324f2196a86') in 0.002880 seconds
  Import took 0.005799 seconds .

========================================================================
Received Import Request.
  Time since last request: 27.126649 seconds.
  path: Assets/Special.cs
  artifactKey: Guid(5ebd70cc9b53ad04182273ffe9a3d553) Importer(815301076,1909f56bfc062723c751e8b465ee728b)
Start importing Assets/Special.cs using Guid(5ebd70cc9b53ad04182273ffe9a3d553) Importer(815301076,1909f56bfc062723c751e8b465ee728b)  -> (artifact id: '5d4b8d5d04f0416a4f8aeebadbfaf73e') in 0.002829 seconds
  Import took 0.006045 seconds .

========================================================================
Received Import Request.
  Time since last request: 5.120465 seconds.
  path: Assets/Special.cs
  artifactKey: Guid(5ebd70cc9b53ad04182273ffe9a3d553) Importer(815301076,1909f56bfc062723c751e8b465ee728b)
Start importing Assets/Special.cs using Guid(5ebd70cc9b53ad04182273ffe9a3d553) Importer(815301076,1909f56bfc062723c751e8b465ee728b)  -> (artifact id: '8243888f3c8da6993d37391910faafe5') in 0.002749 seconds
  Import took 0.006025 seconds .

========================================================================
Received Import Request.
  Time since last request: 6.282470 seconds.
  path: Assets/Special.cs
  artifactKey: Guid(5ebd70cc9b53ad04182273ffe9a3d553) Importer(815301076,1909f56bfc062723c751e8b465ee728b)
Start importing Assets/Special.cs using Guid(5ebd70cc9b53ad04182273ffe9a3d553) Importer(815301076,1909f56bfc062723c751e8b465ee728b)  -> (artifact id: 'f88900c8742d1feed9eaa7d036d48779') in 0.002464 seconds
  Import took 0.005426 seconds .

========================================================================
Received Import Request.
  Time since last request: 5.135308 seconds.
  path: Assets/Special.cs
  artifactKey: Guid(5ebd70cc9b53ad04182273ffe9a3d553) Importer(815301076,1909f56bfc062723c751e8b465ee728b)
Start importing Assets/Special.cs using Guid(5ebd70cc9b53ad04182273ffe9a3d553) Importer(815301076,1909f56bfc062723c751e8b465ee728b)  -> (artifact id: '9ad058fb7809cfffb29ca67c7c06e522') in 0.002665 seconds
  Import took 0.006056 seconds .

========================================================================
Received Import Request.
  Time since last request: 17.587909 seconds.
  path: Assets/Special.cs
  artifactKey: Guid(5ebd70cc9b53ad04182273ffe9a3d553) Importer(815301076,1909f56bfc062723c751e8b465ee728b)
Start importing Assets/Special.cs using Guid(5ebd70cc9b53ad04182273ffe9a3d553) Importer(815301076,1909f56bfc062723c751e8b465ee728b)  -> (artifact id: 'a312a03024c6f5695c56b23c071f3fb3') in 0.002910 seconds
  Import took 0.006515 seconds .

========================================================================
Received Import Request.
  Time since last request: 16.761186 seconds.
  path: Assets/Special.cs
  artifactKey: Guid(5ebd70cc9b53ad04182273ffe9a3d553) Importer(815301076,1909f56bfc062723c751e8b465ee728b)
Start importing Assets/Special.cs using Guid(5ebd70cc9b53ad04182273ffe9a3d553) Importer(815301076,1909f56bfc062723c751e8b465ee728b)  -> (artifact id: '936b882d27ed61aee1edc55f1d0f3827') in 0.002603 seconds
  Import took 0.005598 seconds .

========================================================================
Received Import Request.
  Time since last request: 14.794998 seconds.
  path: Assets/Special.cs
  artifactKey: Guid(5ebd70cc9b53ad04182273ffe9a3d553) Importer(815301076,1909f56bfc062723c751e8b465ee728b)
Start importing Assets/Special.cs using Guid(5ebd70cc9b53ad04182273ffe9a3d553) Importer(815301076,1909f56bfc062723c751e8b465ee728b)  -> (artifact id: '8ff18ce007073e6699d463efef7143d1') in 0.002461 seconds
  Import took 0.005727 seconds .

========================================================================
Received Import Request.
  Time since last request: 5.021310 seconds.
  path: Assets/Special.cs
  artifactKey: Guid(5ebd70cc9b53ad04182273ffe9a3d553) Importer(815301076,1909f56bfc062723c751e8b465ee728b)
Start importing Assets/Special.cs using Guid(5ebd70cc9b53ad04182273ffe9a3d553) Importer(815301076,1909f56bfc062723c751e8b465ee728b)  -> (artifact id: '619dcf8e9f4e46ee837765a5db8b470e') in 0.002605 seconds
  Import took 0.005566 seconds .

========================================================================
Received Import Request.
  Time since last request: 23.657061 seconds.
  path: Assets/Special.cs
  artifactKey: Guid(5ebd70cc9b53ad04182273ffe9a3d553) Importer(815301076,1909f56bfc062723c751e8b465ee728b)
Start importing Assets/Special.cs using Guid(5ebd70cc9b53ad04182273ffe9a3d553) Importer(815301076,1909f56bfc062723c751e8b465ee728b)  -> (artifact id: '716a999e87f889f54ebfd7c885e302dc') in 0.002951 seconds
  Import took 0.006571 seconds .

========================================================================
Received Import Request.
  Time since last request: 5.984912 seconds.
  path: Assets/Special.cs
  artifactKey: Guid(5ebd70cc9b53ad04182273ffe9a3d553) Importer(815301076,1909f56bfc062723c751e8b465ee728b)
Start importing Assets/Special.cs using Guid(5ebd70cc9b53ad04182273ffe9a3d553) Importer(815301076,1909f56bfc062723c751e8b465ee728b)  -> (artifact id: '135736b85fc625a3ccc3034fe5b01b8e') in 0.003015 seconds
  Import took 0.005937 seconds .

========================================================================
Received Import Request.
  Time since last request: 49.424484 seconds.
  path: Assets/Special.cs
  artifactKey: Guid(5ebd70cc9b53ad04182273ffe9a3d553) Importer(815301076,1909f56bfc062723c751e8b465ee728b)
Start importing Assets/Special.cs using Guid(5ebd70cc9b53ad04182273ffe9a3d553) Importer(815301076,1909f56bfc062723c751e8b465ee728b)  -> (artifact id: 'ad169644e97240834099ebffab0b226a') in 0.003197 seconds
  Import took 0.006001 seconds .

========================================================================
Received Import Request.
  Time since last request: 20.863492 seconds.
  path: Assets/Special.cs
  artifactKey: Guid(5ebd70cc9b53ad04182273ffe9a3d553) Importer(815301076,1909f56bfc062723c751e8b465ee728b)
Start importing Assets/Special.cs using Guid(5ebd70cc9b53ad04182273ffe9a3d553) Importer(815301076,1909f56bfc062723c751e8b465ee728b)  -> (artifact id: '440450858a90ceece370d2c23b38475b') in 0.003564 seconds
  Import took 0.007108 seconds .

========================================================================
Received Import Request.
  Time since last request: 14.099434 seconds.
  path: Assets/Special.cs
  artifactKey: Guid(5ebd70cc9b53ad04182273ffe9a3d553) Importer(815301076,1909f56bfc062723c751e8b465ee728b)
Start importing Assets/Special.cs using Guid(5ebd70cc9b53ad04182273ffe9a3d553) Importer(815301076,1909f56bfc062723c751e8b465ee728b)  -> (artifact id: 'cfdeeeb957d67c7cd5871f48deacde6c') in 0.003536 seconds
  Import took 0.007182 seconds .

========================================================================
Received Import Request.
  Time since last request: 11.428278 seconds.
  path: Assets/Special.cs
  artifactKey: Guid(5ebd70cc9b53ad04182273ffe9a3d553) Importer(815301076,1909f56bfc062723c751e8b465ee728b)
Start importing Assets/Special.cs using Guid(5ebd70cc9b53ad04182273ffe9a3d553) Importer(815301076,1909f56bfc062723c751e8b465ee728b)  -> (artifact id: '4fb3e45ceb5975567266e82b9b3547f7') in 0.003241 seconds
  Import took 0.006726 seconds .

========================================================================
Received Import Request.
  Time since last request: 22.777949 seconds.
  path: Assets/Special.cs
  artifactKey: Guid(5ebd70cc9b53ad04182273ffe9a3d553) Importer(815301076,1909f56bfc062723c751e8b465ee728b)
Start importing Assets/Special.cs using Guid(5ebd70cc9b53ad04182273ffe9a3d553) Importer(815301076,1909f56bfc062723c751e8b465ee728b)  -> (artifact id: '58d6bc1fa5e92bcab6b70c7ddc253d43') in 0.003400 seconds
  Import took 0.006605 seconds .

========================================================================
Received Import Request.
  Time since last request: 11.328554 seconds.
  path: Assets/Special.cs
  artifactKey: Guid(5ebd70cc9b53ad04182273ffe9a3d553) Importer(815301076,1909f56bfc062723c751e8b465ee728b)
Start importing Assets/Special.cs using Guid(5ebd70cc9b53ad04182273ffe9a3d553) Importer(815301076,1909f56bfc062723c751e8b465ee728b)  -> (artifact id: '000d7b00b5b47e6e9bbb74a05fb64c49') in 0.004246 seconds
  Import took 0.007942 seconds .

========================================================================
Received Import Request.
  Time since last request: 2.951952 seconds.
  path: Assets/Special.cs
  artifactKey: Guid(5ebd70cc9b53ad04182273ffe9a3d553) Importer(815301076,1909f56bfc062723c751e8b465ee728b)
Start importing Assets/Special.cs using Guid(5ebd70cc9b53ad04182273ffe9a3d553) Importer(815301076,1909f56bfc062723c751e8b465ee728b)  -> (artifact id: '3c2e5f36db9a5e6c3697a1251e1388a0') in 0.003767 seconds
  Import took 0.006735 seconds .

========================================================================
Received Import Request.
  Time since last request: 3.896644 seconds.
  path: Assets/Special.cs
  artifactKey: Guid(5ebd70cc9b53ad04182273ffe9a3d553) Importer(815301076,1909f56bfc062723c751e8b465ee728b)
Start importing Assets/Special.cs using Guid(5ebd70cc9b53ad04182273ffe9a3d553) Importer(815301076,1909f56bfc062723c751e8b465ee728b)  -> (artifact id: 'e1ac68b59451228d6443a75bb3b3c886') in 0.003332 seconds
  Import took 0.007393 seconds .

========================================================================
Received Import Request.
  Time since last request: 2.871470 seconds.
  path: Assets/Special.cs
  artifactKey: Guid(5ebd70cc9b53ad04182273ffe9a3d553) Importer(815301076,1909f56bfc062723c751e8b465ee728b)
Start importing Assets/Special.cs using Guid(5ebd70cc9b53ad04182273ffe9a3d553) Importer(815301076,1909f56bfc062723c751e8b465ee728b)  -> (artifact id: '3b62d3edaeeb2c1a7ba8697edac7e75f') in 0.003195 seconds
  Import took 0.006815 seconds .

========================================================================
Received Import Request.
  Time since last request: 14.644960 seconds.
  path: Assets/Special.cs
  artifactKey: Guid(5ebd70cc9b53ad04182273ffe9a3d553) Importer(815301076,1909f56bfc062723c751e8b465ee728b)
Start importing Assets/Special.cs using Guid(5ebd70cc9b53ad04182273ffe9a3d553) Importer(815301076,1909f56bfc062723c751e8b465ee728b)  -> (artifact id: '03fb0df11affcc3695e6ffc11b7181d8') in 0.003201 seconds
  Import took 0.005901 seconds .

========================================================================
Received Import Request.
  Time since last request: 7.823920 seconds.
  path: Assets/Special.cs
  artifactKey: Guid(5ebd70cc9b53ad04182273ffe9a3d553) Importer(815301076,1909f56bfc062723c751e8b465ee728b)
Start importing Assets/Special.cs using Guid(5ebd70cc9b53ad04182273ffe9a3d553) Importer(815301076,1909f56bfc062723c751e8b465ee728b)  -> (artifact id: '5e1ed42b00dc453056249b9cc96373ad') in 0.002926 seconds
  Import took 0.006073 seconds .

========================================================================
Received Import Request.
  Time since last request: 12.113153 seconds.
  path: Assets/Special.cs
  artifactKey: Guid(5ebd70cc9b53ad04182273ffe9a3d553) Importer(815301076,1909f56bfc062723c751e8b465ee728b)
Start importing Assets/Special.cs using Guid(5ebd70cc9b53ad04182273ffe9a3d553) Importer(815301076,1909f56bfc062723c751e8b465ee728b)  -> (artifact id: 'a1ac0432b73c379a8c45394197c9e060') in 0.003326 seconds
  Import took 0.006888 seconds .

========================================================================
Received Import Request.
  Time since last request: 7.898741 seconds.
  path: Assets/Special.cs
  artifactKey: Guid(5ebd70cc9b53ad04182273ffe9a3d553) Importer(815301076,1909f56bfc062723c751e8b465ee728b)
Start importing Assets/Special.cs using Guid(5ebd70cc9b53ad04182273ffe9a3d553) Importer(815301076,1909f56bfc062723c751e8b465ee728b)  -> (artifact id: '5b7f17d6df63e0152626c8b1a6877a59') in 0.004354 seconds
  Import took 0.008639 seconds .

========================================================================
Received Import Request.
  Time since last request: 17.514010 seconds.
  path: Assets/Special.cs
  artifactKey: Guid(5ebd70cc9b53ad04182273ffe9a3d553) Importer(815301076,1909f56bfc062723c751e8b465ee728b)
Start importing Assets/Special.cs using Guid(5ebd70cc9b53ad04182273ffe9a3d553) Importer(815301076,1909f56bfc062723c751e8b465ee728b)  -> (artifact id: '1d0d26dce00d2b31ff1d0ec630bcd924') in 0.003031 seconds
  Import took 0.006334 seconds .

========================================================================
Received Import Request.
  Time since last request: 5.088540 seconds.
  path: Assets/Special.cs
  artifactKey: Guid(5ebd70cc9b53ad04182273ffe9a3d553) Importer(815301076,1909f56bfc062723c751e8b465ee728b)
Start importing Assets/Special.cs using Guid(5ebd70cc9b53ad04182273ffe9a3d553) Importer(815301076,1909f56bfc062723c751e8b465ee728b)  -> (artifact id: '75296b7a75f0899e0e16294b8441fe98') in 0.003393 seconds
  Import took 0.006903 seconds .

========================================================================
Received Import Request.
  Time since last request: 3.513207 seconds.
  path: Assets/Special.cs
  artifactKey: Guid(5ebd70cc9b53ad04182273ffe9a3d553) Importer(815301076,1909f56bfc062723c751e8b465ee728b)
Start importing Assets/Special.cs using Guid(5ebd70cc9b53ad04182273ffe9a3d553) Importer(815301076,1909f56bfc062723c751e8b465ee728b)  -> (artifact id: '9ae64ab7e080be14ad50930e73aac0cb') in 0.003416 seconds
  Import took 0.006743 seconds .

========================================================================
Received Import Request.
  Time since last request: 9.957018 seconds.
  path: Assets/Special.cs
  artifactKey: Guid(5ebd70cc9b53ad04182273ffe9a3d553) Importer(815301076,1909f56bfc062723c751e8b465ee728b)
Start importing Assets/Special.cs using Guid(5ebd70cc9b53ad04182273ffe9a3d553) Importer(815301076,1909f56bfc062723c751e8b465ee728b)  -> (artifact id: '1a855796d3312720b6ce3dd79d87d7f9') in 0.003347 seconds
  Import took 0.006778 seconds .

========================================================================
Received Import Request.
  Time since last request: 9.839521 seconds.
  path: Assets/Special.cs
  artifactKey: Guid(5ebd70cc9b53ad04182273ffe9a3d553) Importer(815301076,1909f56bfc062723c751e8b465ee728b)
Start importing Assets/Special.cs using Guid(5ebd70cc9b53ad04182273ffe9a3d553) Importer(815301076,1909f56bfc062723c751e8b465ee728b)  -> (artifact id: '25039eaa324c96654efb563cc80075d8') in 0.002925 seconds
  Import took 0.005823 seconds .

========================================================================
Received Import Request.
  Time since last request: 11.250724 seconds.
  path: Assets/Special.cs
  artifactKey: Guid(5ebd70cc9b53ad04182273ffe9a3d553) Importer(815301076,1909f56bfc062723c751e8b465ee728b)
Start importing Assets/Special.cs using Guid(5ebd70cc9b53ad04182273ffe9a3d553) Importer(815301076,1909f56bfc062723c751e8b465ee728b)  -> (artifact id: 'ed32fe5df44fe4e8029d88e6fb2e34c3') in 0.003555 seconds
  Import took 0.007551 seconds .

========================================================================
Received Import Request.
  Time since last request: 22.634404 seconds.
  path: Assets/Special.cs
  artifactKey: Guid(5ebd70cc9b53ad04182273ffe9a3d553) Importer(815301076,1909f56bfc062723c751e8b465ee728b)
Start importing Assets/Special.cs using Guid(5ebd70cc9b53ad04182273ffe9a3d553) Importer(815301076,1909f56bfc062723c751e8b465ee728b)  -> (artifact id: 'fe797eed56355607d706edffab5cda25') in 0.003300 seconds
  Import took 0.006170 seconds .

========================================================================
Received Import Request.
  Time since last request: 11.526149 seconds.
  path: Assets/Special.cs
  artifactKey: Guid(5ebd70cc9b53ad04182273ffe9a3d553) Importer(815301076,1909f56bfc062723c751e8b465ee728b)
Start importing Assets/Special.cs using Guid(5ebd70cc9b53ad04182273ffe9a3d553) Importer(815301076,1909f56bfc062723c751e8b465ee728b)  -> (artifact id: '3b20c667cd485b41815229d62a4b6909') in 0.003522 seconds
  Import took 0.006708 seconds .

========================================================================
Received Import Request.
  Time since last request: 11.164499 seconds.
  path: Assets/Special.cs
  artifactKey: Guid(5ebd70cc9b53ad04182273ffe9a3d553) Importer(815301076,1909f56bfc062723c751e8b465ee728b)
Start importing Assets/Special.cs using Guid(5ebd70cc9b53ad04182273ffe9a3d553) Importer(815301076,1909f56bfc062723c751e8b465ee728b)  -> (artifact id: 'd1d5cf9bb0e0bbf1be25c9741594d6a5') in 0.003326 seconds
  Import took 0.006491 seconds .

========================================================================
Received Import Request.
  Time since last request: 7.558803 seconds.
  path: Assets/Special.cs
  artifactKey: Guid(5ebd70cc9b53ad04182273ffe9a3d553) Importer(815301076,1909f56bfc062723c751e8b465ee728b)
Start importing Assets/Special.cs using Guid(5ebd70cc9b53ad04182273ffe9a3d553) Importer(815301076,1909f56bfc062723c751e8b465ee728b)  -> (artifact id: '0f0ab87e198a7e71764d26762f740cf8') in 0.002801 seconds
  Import took 0.006785 seconds .

========================================================================
Received Import Request.
  Time since last request: 7.247782 seconds.
  path: Assets/Special.cs
  artifactKey: Guid(5ebd70cc9b53ad04182273ffe9a3d553) Importer(815301076,1909f56bfc062723c751e8b465ee728b)
Start importing Assets/Special.cs using Guid(5ebd70cc9b53ad04182273ffe9a3d553) Importer(815301076,1909f56bfc062723c751e8b465ee728b)  -> (artifact id: '4ed78ddf0229928a7158c2133c192905') in 0.002960 seconds
  Import took 0.006017 seconds .

========================================================================
Received Import Request.
  Time since last request: 12.274155 seconds.
  path: Assets/Special.cs
  artifactKey: Guid(5ebd70cc9b53ad04182273ffe9a3d553) Importer(815301076,1909f56bfc062723c751e8b465ee728b)
Start importing Assets/Special.cs using Guid(5ebd70cc9b53ad04182273ffe9a3d553) Importer(815301076,1909f56bfc062723c751e8b465ee728b)  -> (artifact id: '2a468b54840fa108bc6ce0bb569773fe') in 0.003021 seconds
  Import took 0.006262 seconds .

========================================================================
Received Import Request.
  Time since last request: 8.095128 seconds.
  path: Assets/Special.cs
  artifactKey: Guid(5ebd70cc9b53ad04182273ffe9a3d553) Importer(815301076,1909f56bfc062723c751e8b465ee728b)
Start importing Assets/Special.cs using Guid(5ebd70cc9b53ad04182273ffe9a3d553) Importer(815301076,1909f56bfc062723c751e8b465ee728b)  -> (artifact id: 'f5b0283250ec622fc1f3880cc5a16aff') in 0.003912 seconds
  Import took 0.007409 seconds .

========================================================================
Received Import Request.
  Time since last request: 6.397193 seconds.
  path: Assets/Special.cs
  artifactKey: Guid(5ebd70cc9b53ad04182273ffe9a3d553) Importer(815301076,1909f56bfc062723c751e8b465ee728b)
Start importing Assets/Special.cs using Guid(5ebd70cc9b53ad04182273ffe9a3d553) Importer(815301076,1909f56bfc062723c751e8b465ee728b)  -> (artifact id: '63c750163286daa7e61195904f059fe9') in 0.003443 seconds
  Import took 0.007211 seconds .

========================================================================
Received Import Request.
  Time since last request: 4.804227 seconds.
  path: Assets/Special.cs
  artifactKey: Guid(5ebd70cc9b53ad04182273ffe9a3d553) Importer(815301076,1909f56bfc062723c751e8b465ee728b)
Start importing Assets/Special.cs using Guid(5ebd70cc9b53ad04182273ffe9a3d553) Importer(815301076,1909f56bfc062723c751e8b465ee728b)  -> (artifact id: '1c6b28a86fb08be4dd5026ac20d2bfb2') in 0.004403 seconds
  Import took 0.008755 seconds .

========================================================================
Received Import Request.
  Time since last request: 5.515181 seconds.
  path: Assets/Special.cs
  artifactKey: Guid(5ebd70cc9b53ad04182273ffe9a3d553) Importer(815301076,1909f56bfc062723c751e8b465ee728b)
Start importing Assets/Special.cs using Guid(5ebd70cc9b53ad04182273ffe9a3d553) Importer(815301076,1909f56bfc062723c751e8b465ee728b)  -> (artifact id: '5f52a2761f8d09b9c1c6f9c932a66e99') in 0.002983 seconds
  Import took 0.006813 seconds .

========================================================================
Received Import Request.
  Time since last request: 8.504018 seconds.
  path: Assets/Special.cs
  artifactKey: Guid(5ebd70cc9b53ad04182273ffe9a3d553) Importer(815301076,1909f56bfc062723c751e8b465ee728b)
Start importing Assets/Special.cs using Guid(5ebd70cc9b53ad04182273ffe9a3d553) Importer(815301076,1909f56bfc062723c751e8b465ee728b)  -> (artifact id: 'ebd9adee1b0cb192576cc78642814357') in 0.003064 seconds
  Import took 0.006026 seconds .

========================================================================
Received Import Request.
  Time since last request: 12.450821 seconds.
  path: Assets/Special.cs
  artifactKey: Guid(5ebd70cc9b53ad04182273ffe9a3d553) Importer(815301076,1909f56bfc062723c751e8b465ee728b)
Start importing Assets/Special.cs using Guid(5ebd70cc9b53ad04182273ffe9a3d553) Importer(815301076,1909f56bfc062723c751e8b465ee728b)  -> (artifact id: '8a6b029210af2531f6f45c1269f77fe8') in 0.003301 seconds
  Import took 0.006226 seconds .

========================================================================
Received Import Request.
  Time since last request: 5.856995 seconds.
  path: Assets/Special.cs
  artifactKey: Guid(5ebd70cc9b53ad04182273ffe9a3d553) Importer(815301076,1909f56bfc062723c751e8b465ee728b)
Start importing Assets/Special.cs using Guid(5ebd70cc9b53ad04182273ffe9a3d553) Importer(815301076,1909f56bfc062723c751e8b465ee728b)  -> (artifact id: '7078ec7c12c60abac5ed1e62cfaf598d') in 0.003602 seconds
  Import took 0.007352 seconds .

========================================================================
Received Import Request.
  Time since last request: 16.526138 seconds.
  path: Assets/Special.cs
  artifactKey: Guid(5ebd70cc9b53ad04182273ffe9a3d553) Importer(815301076,1909f56bfc062723c751e8b465ee728b)
Start importing Assets/Special.cs using Guid(5ebd70cc9b53ad04182273ffe9a3d553) Importer(815301076,1909f56bfc062723c751e8b465ee728b)  -> (artifact id: 'f05f52116a5732d8264e6f789d40de92') in 0.004029 seconds
  Import took 0.008247 seconds .

========================================================================
Received Import Request.
  Time since last request: 9.473313 seconds.
  path: Assets/Special.cs
  artifactKey: Guid(5ebd70cc9b53ad04182273ffe9a3d553) Importer(815301076,1909f56bfc062723c751e8b465ee728b)
Start importing Assets/Special.cs using Guid(5ebd70cc9b53ad04182273ffe9a3d553) Importer(815301076,1909f56bfc062723c751e8b465ee728b)  -> (artifact id: '000072783923f7bbf19f1a9c397bcd20') in 0.003571 seconds
  Import took 0.006622 seconds .

========================================================================
Received Import Request.
  Time since last request: 17.688696 seconds.
  path: Assets/Special.cs
  artifactKey: Guid(5ebd70cc9b53ad04182273ffe9a3d553) Importer(815301076,1909f56bfc062723c751e8b465ee728b)
Start importing Assets/Special.cs using Guid(5ebd70cc9b53ad04182273ffe9a3d553) Importer(815301076,1909f56bfc062723c751e8b465ee728b)  -> (artifact id: '263d308b7bcae3ffd399944fe018628b') in 0.004192 seconds
  Import took 0.007604 seconds .

========================================================================
Received Import Request.
  Time since last request: 22.482405 seconds.
  path: Assets/Special.cs
  artifactKey: Guid(5ebd70cc9b53ad04182273ffe9a3d553) Importer(815301076,1909f56bfc062723c751e8b465ee728b)
Start importing Assets/Special.cs using Guid(5ebd70cc9b53ad04182273ffe9a3d553) Importer(815301076,1909f56bfc062723c751e8b465ee728b)  -> (artifact id: '6ba2dd392d70de502d8519e8ef7043de') in 0.002933 seconds
  Import took 0.005776 seconds .

========================================================================
Received Import Request.
  Time since last request: 11.577315 seconds.
  path: Assets/Special.cs
  artifactKey: Guid(5ebd70cc9b53ad04182273ffe9a3d553) Importer(815301076,1909f56bfc062723c751e8b465ee728b)
Start importing Assets/Special.cs using Guid(5ebd70cc9b53ad04182273ffe9a3d553) Importer(815301076,1909f56bfc062723c751e8b465ee728b)  -> (artifact id: '54ff9deb16ea4270157dfc89a14cb41b') in 0.003023 seconds
  Import took 0.006141 seconds .

========================================================================
Received Import Request.
  Time since last request: 13.243923 seconds.
  path: Assets/Special.cs
  artifactKey: Guid(5ebd70cc9b53ad04182273ffe9a3d553) Importer(815301076,1909f56bfc062723c751e8b465ee728b)
Start importing Assets/Special.cs using Guid(5ebd70cc9b53ad04182273ffe9a3d553) Importer(815301076,1909f56bfc062723c751e8b465ee728b)  -> (artifact id: '52a7cb3ff4389012e28b9b77983f6d7f') in 0.003288 seconds
  Import took 0.006712 seconds .

========================================================================
Received Import Request.
  Time since last request: 127.406773 seconds.
  path: Assets/Special.cs
  artifactKey: Guid(5ebd70cc9b53ad04182273ffe9a3d553) Importer(815301076,1909f56bfc062723c751e8b465ee728b)
Start importing Assets/Special.cs using Guid(5ebd70cc9b53ad04182273ffe9a3d553) Importer(815301076,1909f56bfc062723c751e8b465ee728b)  -> (artifact id: '8cda497791b75beee067999527c9c278') in 0.003237 seconds
  Import took 0.006143 seconds .

========================================================================
Received Prepare
Registering precompiled user dll's ...
Registered in 0.000792 seconds.
Begin MonoManager ReloadAssembly
Native extension for WindowsStandalone target not found
Refreshing native plugins compatible for Editor in 0.33 ms, found 1 plugins.
Preloading 0 native plugins for Editor in 0.00 ms.
Invoked RoslynAnalysisRunner static constructor.
RoslynAnalysisRunner will not be running.
RoslynAnalysisRunner has terminated.
Mono: successfully reloaded assembly
- Completed reload, in  0.886 seconds
Platform modules already initialized, skipping
Refreshing native plugins compatible for Editor in 0.31 ms, found 1 plugins.
Preloading 0 native plugins for Editor in 0.00 ms.
Unloading 1788 Unused Serialized files (Serialized files now loaded: 0)
System memory in use before: 84.7 MB.
System memory in use after: 84.9 MB.

Unloading 8 unused Assets to reduce memory usage. Loaded Objects now: 2259.
Total: 4.227100 ms (FindLiveObjects: 0.370200 ms CreateObjectMapping: 0.166200 ms MarkObjects: 3.653600 ms  DeleteObjects: 0.034600 ms)

========================================================================
Received Prepare
Registering precompiled user dll's ...
Registered in 0.001056 seconds.
Begin MonoManager ReloadAssembly
Native extension for WindowsStandalone target not found
Refreshing native plugins compatible for Editor in 0.58 ms, found 1 plugins.
Preloading 0 native plugins for Editor in 0.00 ms.
Invoked RoslynAnalysisRunner static constructor.
RoslynAnalysisRunner will not be running.
RoslynAnalysisRunner has terminated.
Mono: successfully reloaded assembly
- Completed reload, in  1.052 seconds
Platform modules already initialized, skipping
Refreshing native plugins compatible for Editor in 0.62 ms, found 1 plugins.
Preloading 0 native plugins for Editor in 0.00 ms.
Unloading 1788 Unused Serialized files (Serialized files now loaded: 0)
System memory in use before: 84.9 MB.
System memory in use after: 85.1 MB.

Unloading 8 unused Assets to reduce memory usage. Loaded Objects now: 2261.
Total: 3.141000 ms (FindLiveObjects: 0.368200 ms CreateObjectMapping: 0.154200 ms MarkObjects: 2.598100 ms  DeleteObjects: 0.018200 ms)

========================================================================
Received Prepare
Registering precompiled user dll's ...
Registered in 0.001061 seconds.
Begin MonoManager ReloadAssembly
Native extension for WindowsStandalone target not found
Refreshing native plugins compatible for Editor in 0.41 ms, found 1 plugins.
Preloading 0 native plugins for Editor in 0.00 ms.
Invoked RoslynAnalysisRunner static constructor.
RoslynAnalysisRunner will not be running.
RoslynAnalysisRunner has terminated.
Mono: successfully reloaded assembly
- Completed reload, in  0.971 seconds
Platform modules already initialized, skipping
Refreshing native plugins compatible for Editor in 0.33 ms, found 1 plugins.
Preloading 0 native plugins for Editor in 0.00 ms.
Unloading 1788 Unused Serialized files (Serialized files now loaded: 0)
System memory in use before: 85.1 MB.
System memory in use after: 85.2 MB.

Unloading 8 unused Assets to reduce memory usage. Loaded Objects now: 2263.
Total: 4.615600 ms (FindLiveObjects: 0.437500 ms CreateObjectMapping: 0.363800 ms MarkObjects: 3.785300 ms  DeleteObjects: 0.026400 ms)

========================================================================
Received Prepare
Registering precompiled user dll's ...
Registered in 0.001059 seconds.
Begin MonoManager ReloadAssembly
Native extension for WindowsStandalone target not found
Refreshing native plugins compatible for Editor in 0.35 ms, found 1 plugins.
Preloading 0 native plugins for Editor in 0.00 ms.
Invoked RoslynAnalysisRunner static constructor.
RoslynAnalysisRunner will not be running.
RoslynAnalysisRunner has terminated.
Mono: successfully reloaded assembly
- Completed reload, in  0.977 seconds
Platform modules already initialized, skipping
Refreshing native plugins compatible for Editor in 0.33 ms, found 1 plugins.
Preloading 0 native plugins for Editor in 0.00 ms.
Unloading 1788 Unused Serialized files (Serialized files now loaded: 0)
System memory in use before: 85.3 MB.
System memory in use after: 85.4 MB.

Unloading 8 unused Assets to reduce memory usage. Loaded Objects now: 2265.
Total: 1.890900 ms (FindLiveObjects: 0.170700 ms CreateObjectMapping: 0.068000 ms MarkObjects: 1.636300 ms  DeleteObjects: 0.014900 ms)

========================================================================
Received Prepare
Registering precompiled user dll's ...
Registered in 0.000801 seconds.
Begin MonoManager ReloadAssembly
Native extension for WindowsStandalone target not found
Refreshing native plugins compatible for Editor in 0.38 ms, found 1 plugins.
Preloading 0 native plugins for Editor in 0.00 ms.
Invoked RoslynAnalysisRunner static constructor.
RoslynAnalysisRunner will not be running.
RoslynAnalysisRunner has terminated.
Mono: successfully reloaded assembly
- Completed reload, in  0.899 seconds
Platform modules already initialized, skipping
Refreshing native plugins compatible for Editor in 0.38 ms, found 1 plugins.
Preloading 0 native plugins for Editor in 0.00 ms.
Unloading 1788 Unused Serialized files (Serialized files now loaded: 0)
System memory in use before: 85.5 MB.
System memory in use after: 85.6 MB.

Unloading 8 unused Assets to reduce memory usage. Loaded Objects now: 2267.
Total: 1.672900 ms (FindLiveObjects: 0.151300 ms CreateObjectMapping: 0.056100 ms MarkObjects: 1.452300 ms  DeleteObjects: 0.012400 ms)

========================================================================
Received Prepare
Registering precompiled user dll's ...
Registered in 0.001100 seconds.
Begin MonoManager ReloadAssembly
Native extension for WindowsStandalone target not found
Refreshing native plugins compatible for Editor in 0.72 ms, found 1 plugins.
Preloading 0 native plugins for Editor in 0.00 ms.
Invoked RoslynAnalysisRunner static constructor.
RoslynAnalysisRunner will not be running.
RoslynAnalysisRunner has terminated.
Mono: successfully reloaded assembly
- Completed reload, in  1.100 seconds
Platform modules already initialized, skipping
Refreshing native plugins compatible for Editor in 0.54 ms, found 1 plugins.
Preloading 0 native plugins for Editor in 0.00 ms.
Unloading 1788 Unused Serialized files (Serialized files now loaded: 0)
System memory in use before: 85.7 MB.
System memory in use after: 85.8 MB.

Unloading 8 unused Assets to reduce memory usage. Loaded Objects now: 2269.
Total: 3.214900 ms (FindLiveObjects: 0.329900 ms CreateObjectMapping: 0.127000 ms MarkObjects: 2.687900 ms  DeleteObjects: 0.068300 ms)

========================================================================
Received Prepare
Registering precompiled user dll's ...
Registered in 0.000810 seconds.
Begin MonoManager ReloadAssembly
Native extension for WindowsStandalone target not found
Refreshing native plugins compatible for Editor in 0.33 ms, found 1 plugins.
Preloading 0 native plugins for Editor in 0.00 ms.
Invoked RoslynAnalysisRunner static constructor.
RoslynAnalysisRunner will not be running.
RoslynAnalysisRunner has terminated.
Mono: successfully reloaded assembly
- Completed reload, in  0.843 seconds
Platform modules already initialized, skipping
Refreshing native plugins compatible for Editor in 0.37 ms, found 1 plugins.
Preloading 0 native plugins for Editor in 0.00 ms.
Unloading 1788 Unused Serialized files (Serialized files now loaded: 0)
System memory in use before: 85.8 MB.
System memory in use after: 85.9 MB.

Unloading 8 unused Assets to reduce memory usage. Loaded Objects now: 2271.
Total: 1.776300 ms (FindLiveObjects: 0.162100 ms CreateObjectMapping: 0.063600 ms MarkObjects: 1.534600 ms  DeleteObjects: 0.015000 ms)

========================================================================
Received Prepare
Registering precompiled user dll's ...
Registered in 0.000866 seconds.
Begin MonoManager ReloadAssembly
Native extension for WindowsStandalone target not found
Refreshing native plugins compatible for Editor in 0.33 ms, found 1 plugins.
Preloading 0 native plugins for Editor in 0.00 ms.
Invoked RoslynAnalysisRunner static constructor.
RoslynAnalysisRunner will not be running.
RoslynAnalysisRunner has terminated.
Mono: successfully reloaded assembly
- Completed reload, in  0.779 seconds
Platform modules already initialized, skipping
Refreshing native plugins compatible for Editor in 0.34 ms, found 1 plugins.
Preloading 0 native plugins for Editor in 0.00 ms.
Unloading 1788 Unused Serialized files (Serialized files now loaded: 0)
System memory in use before: 86.0 MB.
System memory in use after: 86.1 MB.

Unloading 8 unused Assets to reduce memory usage. Loaded Objects now: 2273.
Total: 1.836500 ms (FindLiveObjects: 0.164700 ms CreateObjectMapping: 0.067300 ms MarkObjects: 1.591100 ms  DeleteObjects: 0.012600 ms)

========================================================================
Received Prepare
Registering precompiled user dll's ...
Registered in 0.000881 seconds.
Begin MonoManager ReloadAssembly
Native extension for WindowsStandalone target not found
Refreshing native plugins compatible for Editor in 0.32 ms, found 1 plugins.
Preloading 0 native plugins for Editor in 0.00 ms.
Invoked RoslynAnalysisRunner static constructor.
RoslynAnalysisRunner will not be running.
RoslynAnalysisRunner has terminated.
Mono: successfully reloaded assembly
- Completed reload, in  0.741 seconds
Platform modules already initialized, skipping
Refreshing native plugins compatible for Editor in 0.33 ms, found 1 plugins.
Preloading 0 native plugins for Editor in 0.00 ms.
Unloading 1788 Unused Serialized files (Serialized files now loaded: 0)
System memory in use before: 86.2 MB.
System memory in use after: 86.3 MB.

Unloading 8 unused Assets to reduce memory usage. Loaded Objects now: 2275.
Total: 1.794800 ms (FindLiveObjects: 0.200000 ms CreateObjectMapping: 0.049200 ms MarkObjects: 1.533300 ms  DeleteObjects: 0.011600 ms)

========================================================================
Received Prepare
Registering precompiled user dll's ...
Registered in 0.001007 seconds.
Begin MonoManager ReloadAssembly
Native extension for WindowsStandalone target not found
Refreshing native plugins compatible for Editor in 0.33 ms, found 1 plugins.
Preloading 0 native plugins for Editor in 0.00 ms.
Invoked RoslynAnalysisRunner static constructor.
RoslynAnalysisRunner will not be running.
RoslynAnalysisRunner has terminated.
Mono: successfully reloaded assembly
- Completed reload, in  0.783 seconds
Platform modules already initialized, skipping
Refreshing native plugins compatible for Editor in 0.32 ms, found 1 plugins.
Preloading 0 native plugins for Editor in 0.00 ms.
Unloading 1788 Unused Serialized files (Serialized files now loaded: 0)
System memory in use before: 86.3 MB.
System memory in use after: 86.5 MB.

Unloading 8 unused Assets to reduce memory usage. Loaded Objects now: 2277.
Total: 2.072800 ms (FindLiveObjects: 0.335600 ms CreateObjectMapping: 0.159700 ms MarkObjects: 1.559000 ms  DeleteObjects: 0.016800 ms)

========================================================================
Received Prepare
Registering precompiled user dll's ...
Registered in 0.000865 seconds.
Begin MonoManager ReloadAssembly
Native extension for WindowsStandalone target not found
Refreshing native plugins compatible for Editor in 0.32 ms, found 1 plugins.
Preloading 0 native plugins for Editor in 0.00 ms.
Invoked RoslynAnalysisRunner static constructor.
RoslynAnalysisRunner will not be running.
RoslynAnalysisRunner has terminated.
Mono: successfully reloaded assembly
- Completed reload, in  0.815 seconds
Platform modules already initialized, skipping
Refreshing native plugins compatible for Editor in 0.39 ms, found 1 plugins.
Preloading 0 native plugins for Editor in 0.00 ms.
Unloading 1788 Unused Serialized files (Serialized files now loaded: 0)
System memory in use before: 86.5 MB.
System memory in use after: 86.6 MB.

Unloading 8 unused Assets to reduce memory usage. Loaded Objects now: 2279.
Total: 2.288800 ms (FindLiveObjects: 0.255600 ms CreateObjectMapping: 0.106600 ms MarkObjects: 1.881100 ms  DeleteObjects: 0.044700 ms)

========================================================================
Received Prepare
Registering precompiled user dll's ...
Registered in 0.000983 seconds.
Begin MonoManager ReloadAssembly
Native extension for WindowsStandalone target not found
Refreshing native plugins compatible for Editor in 0.52 ms, found 1 plugins.
Preloading 0 native plugins for Editor in 0.00 ms.
Invoked RoslynAnalysisRunner static constructor.
RoslynAnalysisRunner will not be running.
RoslynAnalysisRunner has terminated.
Mono: successfully reloaded assembly
- Completed reload, in  1.082 seconds
Platform modules already initialized, skipping
Refreshing native plugins compatible for Editor in 1.18 ms, found 1 plugins.
Preloading 0 native plugins for Editor in 0.00 ms.
Unloading 1788 Unused Serialized files (Serialized files now loaded: 0)
System memory in use before: 86.5 MB.
System memory in use after: 86.6 MB.

Unloading 8 unused Assets to reduce memory usage. Loaded Objects now: 2281.
Total: 2.974200 ms (FindLiveObjects: 0.238800 ms CreateObjectMapping: 0.081100 ms MarkObjects: 2.634500 ms  DeleteObjects: 0.018100 ms)

========================================================================
Received Prepare
Registering precompiled user dll's ...
Registered in 0.000799 seconds.
Begin MonoManager ReloadAssembly
Native extension for WindowsStandalone target not found
Refreshing native plugins compatible for Editor in 0.33 ms, found 1 plugins.
Preloading 0 native plugins for Editor in 0.00 ms.
Invoked RoslynAnalysisRunner static constructor.
RoslynAnalysisRunner will not be running.
RoslynAnalysisRunner has terminated.
Mono: successfully reloaded assembly
- Completed reload, in  0.742 seconds
Platform modules already initialized, skipping
Refreshing native plugins compatible for Editor in 0.48 ms, found 1 plugins.
Preloading 0 native plugins for Editor in 0.00 ms.
Unloading 1788 Unused Serialized files (Serialized files now loaded: 0)
System memory in use before: 85.9 MB.
System memory in use after: 86.0 MB.

Unloading 8 unused Assets to reduce memory usage. Loaded Objects now: 2283.
Total: 1.785600 ms (FindLiveObjects: 0.174700 ms CreateObjectMapping: 0.060400 ms MarkObjects: 1.538000 ms  DeleteObjects: 0.011600 ms)

========================================================================
Received Prepare
Registering precompiled user dll's ...
Registered in 0.001062 seconds.
Begin MonoManager ReloadAssembly
Native extension for WindowsStandalone target not found
Refreshing native plugins compatible for Editor in 0.33 ms, found 1 plugins.
Preloading 0 native plugins for Editor in 0.00 ms.
Invoked RoslynAnalysisRunner static constructor.
RoslynAnalysisRunner will not be running.
RoslynAnalysisRunner has terminated.
Mono: successfully reloaded assembly
- Completed reload, in  0.872 seconds
Platform modules already initialized, skipping
Refreshing native plugins compatible for Editor in 0.33 ms, found 1 plugins.
Preloading 0 native plugins for Editor in 0.00 ms.
Unloading 1788 Unused Serialized files (Serialized files now loaded: 0)
System memory in use before: 86.0 MB.
System memory in use after: 86.1 MB.

Unloading 8 unused Assets to reduce memory usage. Loaded Objects now: 2285.
Total: 2.560200 ms (FindLiveObjects: 0.179000 ms CreateObjectMapping: 0.069500 ms MarkObjects: 2.287700 ms  DeleteObjects: 0.022700 ms)

========================================================================
Received Prepare
Registering precompiled user dll's ...
Registered in 0.000832 seconds.
Begin MonoManager ReloadAssembly
Native extension for WindowsStandalone target not found
Refreshing native plugins compatible for Editor in 0.32 ms, found 1 plugins.
Preloading 0 native plugins for Editor in 0.00 ms.
Invoked RoslynAnalysisRunner static constructor.
RoslynAnalysisRunner will not be running.
RoslynAnalysisRunner has terminated.
Mono: successfully reloaded assembly
- Completed reload, in  0.795 seconds
Platform modules already initialized, skipping
Refreshing native plugins compatible for Editor in 0.35 ms, found 1 plugins.
Preloading 0 native plugins for Editor in 0.00 ms.
Unloading 1788 Unused Serialized files (Serialized files now loaded: 0)
System memory in use before: 86.2 MB.
System memory in use after: 86.3 MB.

Unloading 8 unused Assets to reduce memory usage. Loaded Objects now: 2287.
Total: 5.348200 ms (FindLiveObjects: 0.391400 ms CreateObjectMapping: 0.186600 ms MarkObjects: 4.725700 ms  DeleteObjects: 0.042100 ms)

========================================================================
Received Prepare
Registering precompiled user dll's ...
Registered in 0.001292 seconds.
Begin MonoManager ReloadAssembly
Native extension for WindowsStandalone target not found
Refreshing native plugins compatible for Editor in 0.33 ms, found 1 plugins.
Preloading 0 native plugins for Editor in 0.00 ms.
Invoked RoslynAnalysisRunner static constructor.
RoslynAnalysisRunner will not be running.
RoslynAnalysisRunner has terminated.
Mono: successfully reloaded assembly
- Completed reload, in  0.886 seconds
Platform modules already initialized, skipping
Refreshing native plugins compatible for Editor in 0.52 ms, found 1 plugins.
Preloading 0 native plugins for Editor in 0.00 ms.
Unloading 1788 Unused Serialized files (Serialized files now loaded: 0)
System memory in use before: 86.4 MB.
System memory in use after: 86.5 MB.

Unloading 8 unused Assets to reduce memory usage. Loaded Objects now: 2289.
Total: 2.016100 ms (FindLiveObjects: 0.177400 ms CreateObjectMapping: 0.050300 ms MarkObjects: 1.774100 ms  DeleteObjects: 0.013500 ms)

========================================================================
Received Prepare
Registering precompiled user dll's ...
Registered in 0.001030 seconds.
Begin MonoManager ReloadAssembly
Native extension for WindowsStandalone target not found
Refreshing native plugins compatible for Editor in 0.33 ms, found 1 plugins.
Preloading 0 native plugins for Editor in 0.00 ms.
Invoked RoslynAnalysisRunner static constructor.
RoslynAnalysisRunner will not be running.
RoslynAnalysisRunner has terminated.
Mono: successfully reloaded assembly
- Completed reload, in  0.848 seconds
Platform modules already initialized, skipping
Refreshing native plugins compatible for Editor in 0.33 ms, found 1 plugins.
Preloading 0 native plugins for Editor in 0.00 ms.
Unloading 1788 Unused Serialized files (Serialized files now loaded: 0)
System memory in use before: 86.5 MB.
System memory in use after: 86.7 MB.

Unloading 8 unused Assets to reduce memory usage. Loaded Objects now: 2291.
Total: 2.001900 ms (FindLiveObjects: 0.261500 ms CreateObjectMapping: 0.089400 ms MarkObjects: 1.632600 ms  DeleteObjects: 0.017000 ms)

========================================================================
Received Prepare
Registering precompiled user dll's ...
Registered in 0.002396 seconds.
Begin MonoManager ReloadAssembly
Native extension for WindowsStandalone target not found
Refreshing native plugins compatible for Editor in 0.33 ms, found 1 plugins.
Preloading 0 native plugins for Editor in 0.00 ms.
Invoked RoslynAnalysisRunner static constructor.
RoslynAnalysisRunner will not be running.
RoslynAnalysisRunner has terminated.
Mono: successfully reloaded assembly
- Completed reload, in  0.853 seconds
Platform modules already initialized, skipping
Refreshing native plugins compatible for Editor in 0.34 ms, found 1 plugins.
Preloading 0 native plugins for Editor in 0.00 ms.
Unloading 1788 Unused Serialized files (Serialized files now loaded: 0)
System memory in use before: 86.6 MB.
System memory in use after: 86.7 MB.

Unloading 8 unused Assets to reduce memory usage. Loaded Objects now: 2293.
Total: 3.974800 ms (FindLiveObjects: 0.412000 ms CreateObjectMapping: 0.180800 ms MarkObjects: 3.353500 ms  DeleteObjects: 0.026100 ms)

========================================================================
Received Prepare
Registering precompiled user dll's ...
Registered in 0.000867 seconds.
Begin MonoManager ReloadAssembly
Native extension for WindowsStandalone target not found
Refreshing native plugins compatible for Editor in 0.35 ms, found 1 plugins.
Preloading 0 native plugins for Editor in 0.00 ms.
Invoked RoslynAnalysisRunner static constructor.
RoslynAnalysisRunner will not be running.
RoslynAnalysisRunner has terminated.
Mono: successfully reloaded assembly
- Completed reload, in  0.836 seconds
Platform modules already initialized, skipping
Refreshing native plugins compatible for Editor in 0.33 ms, found 1 plugins.
Preloading 0 native plugins for Editor in 0.00 ms.
Unloading 1788 Unused Serialized files (Serialized files now loaded: 0)
System memory in use before: 85.9 MB.
System memory in use after: 86.0 MB.

Unloading 8 unused Assets to reduce memory usage. Loaded Objects now: 2295.
Total: 1.774900 ms (FindLiveObjects: 0.174500 ms CreateObjectMapping: 0.069300 ms MarkObjects: 1.517500 ms  DeleteObjects: 0.012900 ms)

========================================================================
Received Prepare
Registering precompiled user dll's ...
Registered in 0.000838 seconds.
Begin MonoManager ReloadAssembly
Native extension for WindowsStandalone target not found
Refreshing native plugins compatible for Editor in 0.33 ms, found 1 plugins.
Preloading 0 native plugins for Editor in 0.00 ms.
Invoked RoslynAnalysisRunner static constructor.
RoslynAnalysisRunner will not be running.
RoslynAnalysisRunner has terminated.
Mono: successfully reloaded assembly
- Completed reload, in  0.772 seconds
Platform modules already initialized, skipping
Refreshing native plugins compatible for Editor in 0.32 ms, found 1 plugins.
Preloading 0 native plugins for Editor in 0.00 ms.
Unloading 1788 Unused Serialized files (Serialized files now loaded: 0)
System memory in use before: 86.1 MB.
System memory in use after: 86.2 MB.

Unloading 8 unused Assets to reduce memory usage. Loaded Objects now: 2297.
Total: 5.442000 ms (FindLiveObjects: 0.451500 ms CreateObjectMapping: 0.209100 ms MarkObjects: 4.740700 ms  DeleteObjects: 0.037800 ms)

========================================================================
Received Prepare
Registering precompiled user dll's ...
Registered in 0.000802 seconds.
Begin MonoManager ReloadAssembly
Native extension for WindowsStandalone target not found
Refreshing native plugins compatible for Editor in 0.33 ms, found 1 plugins.
Preloading 0 native plugins for Editor in 0.00 ms.
Invoked RoslynAnalysisRunner static constructor.
RoslynAnalysisRunner will not be running.
RoslynAnalysisRunner has terminated.
Mono: successfully reloaded assembly
- Completed reload, in  0.768 seconds
Platform modules already initialized, skipping
Refreshing native plugins compatible for Editor in 0.35 ms, found 1 plugins.
Preloading 0 native plugins for Editor in 0.00 ms.
Unloading 1788 Unused Serialized files (Serialized files now loaded: 0)
System memory in use before: 86.2 MB.
System memory in use after: 86.4 MB.

Unloading 8 unused Assets to reduce memory usage. Loaded Objects now: 2299.
Total: 5.070600 ms (FindLiveObjects: 0.947700 ms CreateObjectMapping: 0.321800 ms MarkObjects: 3.762300 ms  DeleteObjects: 0.035900 ms)

========================================================================
Received Prepare
Registering precompiled user dll's ...
Registered in 0.000811 seconds.
Begin MonoManager ReloadAssembly
Native extension for WindowsStandalone target not found
Refreshing native plugins compatible for Editor in 0.33 ms, found 1 plugins.
Preloading 0 native plugins for Editor in 0.00 ms.
Invoked RoslynAnalysisRunner static constructor.
RoslynAnalysisRunner will not be running.
RoslynAnalysisRunner has terminated.
Mono: successfully reloaded assembly
- Completed reload, in  0.753 seconds
Platform modules already initialized, skipping
Refreshing native plugins compatible for Editor in 0.31 ms, found 1 plugins.
Preloading 0 native plugins for Editor in 0.00 ms.
Unloading 1788 Unused Serialized files (Serialized files now loaded: 0)
System memory in use before: 86.4 MB.
System memory in use after: 86.5 MB.

Unloading 8 unused Assets to reduce memory usage. Loaded Objects now: 2301.
Total: 4.570400 ms (FindLiveObjects: 0.437500 ms CreateObjectMapping: 0.211400 ms MarkObjects: 3.879700 ms  DeleteObjects: 0.039600 ms)

========================================================================
Received Prepare
Registering precompiled user dll's ...
Registered in 0.000852 seconds.
Begin MonoManager ReloadAssembly
Native extension for WindowsStandalone target not found
Refreshing native plugins compatible for Editor in 0.31 ms, found 1 plugins.
Preloading 0 native plugins for Editor in 0.00 ms.
Invoked RoslynAnalysisRunner static constructor.
RoslynAnalysisRunner will not be running.
RoslynAnalysisRunner has terminated.
Mono: successfully reloaded assembly
- Completed reload, in  0.763 seconds
Platform modules already initialized, skipping
Refreshing native plugins compatible for Editor in 0.35 ms, found 1 plugins.
Preloading 0 native plugins for Editor in 0.00 ms.
Unloading 1788 Unused Serialized files (Serialized files now loaded: 0)
System memory in use before: 86.6 MB.
System memory in use after: 86.7 MB.

Unloading 8 unused Assets to reduce memory usage. Loaded Objects now: 2303.
Total: 4.858900 ms (FindLiveObjects: 0.343600 ms CreateObjectMapping: 0.171300 ms MarkObjects: 4.306200 ms  DeleteObjects: 0.035100 ms)

========================================================================
Received Prepare
Registering precompiled user dll's ...
Registered in 0.000812 seconds.
Begin MonoManager ReloadAssembly
Native extension for WindowsStandalone target not found
Refreshing native plugins compatible for Editor in 0.36 ms, found 1 plugins.
Preloading 0 native plugins for Editor in 0.00 ms.
Invoked RoslynAnalysisRunner static constructor.
RoslynAnalysisRunner will not be running.
RoslynAnalysisRunner has terminated.
Mono: successfully reloaded assembly
- Completed reload, in  0.823 seconds
Platform modules already initialized, skipping
Refreshing native plugins compatible for Editor in 0.34 ms, found 1 plugins.
Preloading 0 native plugins for Editor in 0.00 ms.
Unloading 1788 Unused Serialized files (Serialized files now loaded: 0)
System memory in use before: 86.6 MB.
System memory in use after: 86.7 MB.

Unloading 8 unused Assets to reduce memory usage. Loaded Objects now: 2305.
Total: 5.776000 ms (FindLiveObjects: 0.418700 ms CreateObjectMapping: 0.211400 ms MarkObjects: 5.102600 ms  DeleteObjects: 0.040700 ms)

========================================================================
Received Prepare
Registering precompiled user dll's ...
Registered in 0.000945 seconds.
Begin MonoManager ReloadAssembly
Native extension for WindowsStandalone target not found
Refreshing native plugins compatible for Editor in 0.33 ms, found 1 plugins.
Preloading 0 native plugins for Editor in 0.00 ms.
Invoked RoslynAnalysisRunner static constructor.
RoslynAnalysisRunner will not be running.
RoslynAnalysisRunner has terminated.
Mono: successfully reloaded assembly
- Completed reload, in  0.844 seconds
Platform modules already initialized, skipping
Refreshing native plugins compatible for Editor in 0.32 ms, found 1 plugins.
Preloading 0 native plugins for Editor in 0.00 ms.
Unloading 1788 Unused Serialized files (Serialized files now loaded: 0)
System memory in use before: 85.9 MB.
System memory in use after: 86.0 MB.

Unloading 8 unused Assets to reduce memory usage. Loaded Objects now: 2307.
Total: 1.741800 ms (FindLiveObjects: 0.226600 ms CreateObjectMapping: 0.102800 ms MarkObjects: 1.397300 ms  DeleteObjects: 0.014400 ms)

========================================================================
Received Prepare
Registering precompiled user dll's ...
Registered in 0.002576 seconds.
Begin MonoManager ReloadAssembly
Native extension for WindowsStandalone target not found
Refreshing native plugins compatible for Editor in 0.66 ms, found 1 plugins.
Preloading 0 native plugins for Editor in 0.00 ms.
Invoked RoslynAnalysisRunner static constructor.
RoslynAnalysisRunner will not be running.
RoslynAnalysisRunner has terminated.
Mono: successfully reloaded assembly
- Completed reload, in  1.125 seconds
Platform modules already initialized, skipping
Refreshing native plugins compatible for Editor in 0.42 ms, found 1 plugins.
Preloading 0 native plugins for Editor in 0.00 ms.
Unloading 1788 Unused Serialized files (Serialized files now loaded: 0)
System memory in use before: 86.1 MB.
System memory in use after: 86.2 MB.

Unloading 8 unused Assets to reduce memory usage. Loaded Objects now: 2309.
Total: 3.022500 ms (FindLiveObjects: 0.298200 ms CreateObjectMapping: 0.106600 ms MarkObjects: 2.580300 ms  DeleteObjects: 0.033900 ms)

========================================================================
Received Prepare
Registering precompiled user dll's ...
Registered in 0.001126 seconds.
Begin MonoManager ReloadAssembly
Native extension for WindowsStandalone target not found
Refreshing native plugins compatible for Editor in 0.56 ms, found 1 plugins.
Preloading 0 native plugins for Editor in 0.00 ms.
Invoked RoslynAnalysisRunner static constructor.
RoslynAnalysisRunner will not be running.
RoslynAnalysisRunner has terminated.
Mono: successfully reloaded assembly
- Completed reload, in  0.869 seconds
Platform modules already initialized, skipping
Refreshing native plugins compatible for Editor in 0.33 ms, found 1 plugins.
Preloading 0 native plugins for Editor in 0.00 ms.
Unloading 1788 Unused Serialized files (Serialized files now loaded: 0)
System memory in use before: 86.3 MB.
System memory in use after: 86.4 MB.

Unloading 8 unused Assets to reduce memory usage. Loaded Objects now: 2311.
Total: 4.937800 ms (FindLiveObjects: 0.534600 ms CreateObjectMapping: 0.213900 ms MarkObjects: 4.147600 ms  DeleteObjects: 0.038900 ms)

========================================================================
Received Prepare
Registering precompiled user dll's ...
Registered in 0.000820 seconds.
Begin MonoManager ReloadAssembly
Native extension for WindowsStandalone target not found
Refreshing native plugins compatible for Editor in 0.33 ms, found 1 plugins.
Preloading 0 native plugins for Editor in 0.00 ms.
Invoked RoslynAnalysisRunner static constructor.
RoslynAnalysisRunner will not be running.
RoslynAnalysisRunner has terminated.
Mono: successfully reloaded assembly
- Completed reload, in  0.845 seconds
Platform modules already initialized, skipping
Refreshing native plugins compatible for Editor in 0.36 ms, found 1 plugins.
Preloading 0 native plugins for Editor in 0.00 ms.
Unloading 1788 Unused Serialized files (Serialized files now loaded: 0)
System memory in use before: 86.5 MB.
System memory in use after: 86.6 MB.

Unloading 8 unused Assets to reduce memory usage. Loaded Objects now: 2313.
Total: 1.817900 ms (FindLiveObjects: 0.187200 ms CreateObjectMapping: 0.046600 ms MarkObjects: 1.571600 ms  DeleteObjects: 0.011800 ms)

========================================================================
Received Prepare
Registering precompiled user dll's ...
Registered in 0.001338 seconds.
Begin MonoManager ReloadAssembly
Native extension for WindowsStandalone target not found
Refreshing native plugins compatible for Editor in 0.32 ms, found 1 plugins.
Preloading 0 native plugins for Editor in 0.00 ms.
Invoked RoslynAnalysisRunner static constructor.
RoslynAnalysisRunner will not be running.
RoslynAnalysisRunner has terminated.
Mono: successfully reloaded assembly
- Completed reload, in  0.861 seconds
Platform modules already initialized, skipping
Refreshing native plugins compatible for Editor in 0.34 ms, found 1 plugins.
Preloading 0 native plugins for Editor in 0.00 ms.
Unloading 1788 Unused Serialized files (Serialized files now loaded: 0)
System memory in use before: 86.6 MB.
System memory in use after: 86.7 MB.

Unloading 8 unused Assets to reduce memory usage. Loaded Objects now: 2315.
Total: 1.866300 ms (FindLiveObjects: 0.194700 ms CreateObjectMapping: 0.095400 ms MarkObjects: 1.563300 ms  DeleteObjects: 0.012100 ms)

========================================================================
Received Prepare
Registering precompiled user dll's ...
Registered in 0.001091 seconds.
Begin MonoManager ReloadAssembly
Native extension for WindowsStandalone target not found
Refreshing native plugins compatible for Editor in 0.33 ms, found 1 plugins.
Preloading 0 native plugins for Editor in 0.00 ms.
Invoked RoslynAnalysisRunner static constructor.
RoslynAnalysisRunner will not be running.
RoslynAnalysisRunner has terminated.
Mono: successfully reloaded assembly
- Completed reload, in  0.819 seconds
Platform modules already initialized, skipping
Refreshing native plugins compatible for Editor in 0.36 ms, found 1 plugins.
Preloading 0 native plugins for Editor in 0.00 ms.
Unloading 1788 Unused Serialized files (Serialized files now loaded: 0)
System memory in use before: 86.7 MB.
System memory in use after: 86.8 MB.

Unloading 8 unused Assets to reduce memory usage. Loaded Objects now: 2317.
Total: 5.214600 ms (FindLiveObjects: 0.405700 ms CreateObjectMapping: 0.202100 ms MarkObjects: 4.575500 ms  DeleteObjects: 0.029100 ms)

========================================================================
Received Prepare
Registering precompiled user dll's ...
Registered in 0.001045 seconds.
Begin MonoManager ReloadAssembly
Native extension for WindowsStandalone target not found
Refreshing native plugins compatible for Editor in 0.61 ms, found 1 plugins.
Preloading 0 native plugins for Editor in 0.00 ms.
Invoked RoslynAnalysisRunner static constructor.
RoslynAnalysisRunner will not be running.
RoslynAnalysisRunner has terminated.
Mono: successfully reloaded assembly
- Completed reload, in  1.069 seconds
Platform modules already initialized, skipping
Refreshing native plugins compatible for Editor in 0.42 ms, found 1 plugins.
Preloading 0 native plugins for Editor in 0.00 ms.
Unloading 1788 Unused Serialized files (Serialized files now loaded: 0)
System memory in use before: 86.0 MB.
System memory in use after: 86.1 MB.

Unloading 8 unused Assets to reduce memory usage. Loaded Objects now: 2319.
Total: 2.763000 ms (FindLiveObjects: 0.407000 ms CreateObjectMapping: 0.128000 ms MarkObjects: 2.203800 ms  DeleteObjects: 0.022500 ms)

========================================================================
Received Prepare
Registering precompiled user dll's ...
Registered in 0.000889 seconds.
Begin MonoManager ReloadAssembly
Native extension for WindowsStandalone target not found
Refreshing native plugins compatible for Editor in 0.33 ms, found 1 plugins.
Preloading 0 native plugins for Editor in 0.00 ms.
Invoked RoslynAnalysisRunner static constructor.
RoslynAnalysisRunner will not be running.
RoslynAnalysisRunner has terminated.
Mono: successfully reloaded assembly
- Completed reload, in  0.785 seconds
Platform modules already initialized, skipping
Refreshing native plugins compatible for Editor in 0.33 ms, found 1 plugins.
Preloading 0 native plugins for Editor in 0.00 ms.
Unloading 1788 Unused Serialized files (Serialized files now loaded: 0)
System memory in use before: 86.1 MB.
System memory in use after: 86.3 MB.

Unloading 8 unused Assets to reduce memory usage. Loaded Objects now: 2321.
Total: 1.610100 ms (FindLiveObjects: 0.162400 ms CreateObjectMapping: 0.055600 ms MarkObjects: 1.378000 ms  DeleteObjects: 0.013200 ms)

========================================================================
Received Prepare
Registering precompiled user dll's ...
Registered in 0.000902 seconds.
Begin MonoManager ReloadAssembly
Native extension for WindowsStandalone target not found
Refreshing native plugins compatible for Editor in 0.38 ms, found 1 plugins.
Preloading 0 native plugins for Editor in 0.00 ms.
Invoked RoslynAnalysisRunner static constructor.
RoslynAnalysisRunner will not be running.
RoslynAnalysisRunner has terminated.
Mono: successfully reloaded assembly
- Completed reload, in  1.007 seconds
Platform modules already initialized, skipping
Refreshing native plugins compatible for Editor in 0.33 ms, found 1 plugins.
Preloading 0 native plugins for Editor in 0.00 ms.
Unloading 1788 Unused Serialized files (Serialized files now loaded: 0)
System memory in use before: 86.3 MB.
System memory in use after: 86.4 MB.

Unloading 8 unused Assets to reduce memory usage. Loaded Objects now: 2323.
Total: 4.713900 ms (FindLiveObjects: 0.558600 ms CreateObjectMapping: 0.243400 ms MarkObjects: 3.882000 ms  DeleteObjects: 0.027500 ms)

========================================================================
Received Prepare
Registering precompiled user dll's ...
Registered in 0.000844 seconds.
Begin MonoManager ReloadAssembly
Native extension for WindowsStandalone target not found
Refreshing native plugins compatible for Editor in 0.32 ms, found 1 plugins.
Preloading 0 native plugins for Editor in 0.00 ms.
Invoked RoslynAnalysisRunner static constructor.
RoslynAnalysisRunner will not be running.
RoslynAnalysisRunner has terminated.
Mono: successfully reloaded assembly
- Completed reload, in  0.747 seconds
Platform modules already initialized, skipping
Refreshing native plugins compatible for Editor in 0.37 ms, found 1 plugins.
Preloading 0 native plugins for Editor in 0.00 ms.
Unloading 1788 Unused Serialized files (Serialized files now loaded: 0)
System memory in use before: 86.5 MB.
System memory in use after: 86.6 MB.

Unloading 8 unused Assets to reduce memory usage. Loaded Objects now: 2325.
Total: 4.529200 ms (FindLiveObjects: 0.374400 ms CreateObjectMapping: 0.192400 ms MarkObjects: 3.919500 ms  DeleteObjects: 0.040600 ms)

========================================================================
Received Prepare
Registering precompiled user dll's ...
Registered in 0.001104 seconds.
Begin MonoManager ReloadAssembly
Native extension for WindowsStandalone target not found
Refreshing native plugins compatible for Editor in 0.56 ms, found 1 plugins.
Preloading 0 native plugins for Editor in 0.00 ms.
Invoked RoslynAnalysisRunner static constructor.
RoslynAnalysisRunner will not be running.
RoslynAnalysisRunner has terminated.
Mono: successfully reloaded assembly
- Completed reload, in  1.098 seconds
Platform modules already initialized, skipping
Refreshing native plugins compatible for Editor in 0.52 ms, found 1 plugins.
Preloading 0 native plugins for Editor in 0.00 ms.
Unloading 1788 Unused Serialized files (Serialized files now loaded: 0)
System memory in use before: 86.7 MB.
System memory in use after: 86.8 MB.

Unloading 8 unused Assets to reduce memory usage. Loaded Objects now: 2327.
Total: 2.709000 ms (FindLiveObjects: 0.272600 ms CreateObjectMapping: 0.082700 ms MarkObjects: 2.274600 ms  DeleteObjects: 0.076300 ms)

========================================================================
Received Prepare
Registering precompiled user dll's ...
Registered in 0.000826 seconds.
Begin MonoManager ReloadAssembly
Native extension for WindowsStandalone target not found
Refreshing native plugins compatible for Editor in 0.33 ms, found 1 plugins.
Preloading 0 native plugins for Editor in 0.00 ms.
Invoked RoslynAnalysisRunner static constructor.
RoslynAnalysisRunner will not be running.
RoslynAnalysisRunner has terminated.
Mono: successfully reloaded assembly
- Completed reload, in  0.839 seconds
Platform modules already initialized, skipping
Refreshing native plugins compatible for Editor in 0.35 ms, found 1 plugins.
Preloading 0 native plugins for Editor in 0.00 ms.
Unloading 1788 Unused Serialized files (Serialized files now loaded: 0)
System memory in use before: 86.7 MB.
System memory in use after: 86.8 MB.

Unloading 8 unused Assets to reduce memory usage. Loaded Objects now: 2329.
Total: 5.450900 ms (FindLiveObjects: 0.404900 ms CreateObjectMapping: 0.173500 ms MarkObjects: 4.830400 ms  DeleteObjects: 0.039200 ms)

========================================================================
Received Prepare
Registering precompiled user dll's ...
Registered in 0.000800 seconds.
Begin MonoManager ReloadAssembly
Native extension for WindowsStandalone target not found
Refreshing native plugins compatible for Editor in 0.32 ms, found 1 plugins.
Preloading 0 native plugins for Editor in 0.00 ms.
Invoked RoslynAnalysisRunner static constructor.
RoslynAnalysisRunner will not be running.
RoslynAnalysisRunner has terminated.
Mono: successfully reloaded assembly
- Completed reload, in  0.743 seconds
Platform modules already initialized, skipping
Refreshing native plugins compatible for Editor in 0.33 ms, found 1 plugins.
Preloading 0 native plugins for Editor in 0.00 ms.
Unloading 1788 Unused Serialized files (Serialized files now loaded: 0)
System memory in use before: 86.0 MB.
System memory in use after: 86.1 MB.

Unloading 8 unused Assets to reduce memory usage. Loaded Objects now: 2331.
Total: 4.958200 ms (FindLiveObjects: 0.394600 ms CreateObjectMapping: 0.214100 ms MarkObjects: 4.303000 ms  DeleteObjects: 0.043700 ms)

========================================================================
Received Prepare
Registering precompiled user dll's ...
Registered in 0.000848 seconds.
Begin MonoManager ReloadAssembly
Native extension for WindowsStandalone target not found
Refreshing native plugins compatible for Editor in 0.33 ms, found 1 plugins.
Preloading 0 native plugins for Editor in 0.00 ms.
Invoked RoslynAnalysisRunner static constructor.
RoslynAnalysisRunner will not be running.
RoslynAnalysisRunner has terminated.
Mono: successfully reloaded assembly
- Completed reload, in  0.804 seconds
Platform modules already initialized, skipping
Refreshing native plugins compatible for Editor in 0.32 ms, found 1 plugins.
Preloading 0 native plugins for Editor in 0.00 ms.
Unloading 1788 Unused Serialized files (Serialized files now loaded: 0)
System memory in use before: 86.2 MB.
System memory in use after: 86.3 MB.

Unloading 8 unused Assets to reduce memory usage. Loaded Objects now: 2333.
Total: 1.813800 ms (FindLiveObjects: 0.158100 ms CreateObjectMapping: 0.061800 ms MarkObjects: 1.580800 ms  DeleteObjects: 0.012500 ms)

========================================================================
Received Prepare
Registering precompiled user dll's ...
Registered in 0.001040 seconds.
Begin MonoManager ReloadAssembly
Native extension for WindowsStandalone target not found
Refreshing native plugins compatible for Editor in 0.45 ms, found 1 plugins.
Preloading 0 native plugins for Editor in 0.00 ms.
Invoked RoslynAnalysisRunner static constructor.
RoslynAnalysisRunner will not be running.
RoslynAnalysisRunner has terminated.
Mono: successfully reloaded assembly
- Completed reload, in  1.040 seconds
Platform modules already initialized, skipping
Refreshing native plugins compatible for Editor in 0.66 ms, found 1 plugins.
Preloading 0 native plugins for Editor in 0.00 ms.
Unloading 1788 Unused Serialized files (Serialized files now loaded: 0)
System memory in use before: 86.3 MB.
System memory in use after: 86.5 MB.

Unloading 8 unused Assets to reduce memory usage. Loaded Objects now: 2335.
Total: 3.953500 ms (FindLiveObjects: 0.264400 ms CreateObjectMapping: 0.099000 ms MarkObjects: 3.567200 ms  DeleteObjects: 0.021600 ms)

========================================================================
Received Prepare
Registering precompiled user dll's ...
Registered in 0.000847 seconds.
Begin MonoManager ReloadAssembly
Native extension for WindowsStandalone target not found
Refreshing native plugins compatible for Editor in 0.32 ms, found 1 plugins.
Preloading 0 native plugins for Editor in 0.00 ms.
Invoked RoslynAnalysisRunner static constructor.
RoslynAnalysisRunner will not be running.
RoslynAnalysisRunner has terminated.
Mono: successfully reloaded assembly
- Completed reload, in  0.812 seconds
Platform modules already initialized, skipping
Refreshing native plugins compatible for Editor in 0.30 ms, found 1 plugins.
Preloading 0 native plugins for Editor in 0.00 ms.
Unloading 1788 Unused Serialized files (Serialized files now loaded: 0)
System memory in use before: 86.5 MB.
System memory in use after: 86.6 MB.

Unloading 8 unused Assets to reduce memory usage. Loaded Objects now: 2337.
Total: 5.460400 ms (FindLiveObjects: 0.450400 ms CreateObjectMapping: 0.231900 ms MarkObjects: 4.738000 ms  DeleteObjects: 0.037400 ms)

========================================================================
Received Prepare
Registering precompiled user dll's ...
Registered in 0.001641 seconds.
Begin MonoManager ReloadAssembly
Native extension for WindowsStandalone target not found
Refreshing native plugins compatible for Editor in 0.38 ms, found 1 plugins.
Preloading 0 native plugins for Editor in 0.00 ms.
Invoked RoslynAnalysisRunner static constructor.
RoslynAnalysisRunner will not be running.
RoslynAnalysisRunner has terminated.
Mono: successfully reloaded assembly
- Completed reload, in  1.753 seconds
Platform modules already initialized, skipping
Refreshing native plugins compatible for Editor in 0.84 ms, found 1 plugins.
Preloading 0 native plugins for Editor in 0.00 ms.
Unloading 1788 Unused Serialized files (Serialized files now loaded: 0)
System memory in use before: 86.7 MB.
System memory in use after: 86.8 MB.

Unloading 8 unused Assets to reduce memory usage. Loaded Objects now: 2339.
Total: 4.297100 ms (FindLiveObjects: 0.294000 ms CreateObjectMapping: 0.143700 ms MarkObjects: 3.819000 ms  DeleteObjects: 0.037800 ms)

========================================================================
Received Import Request.
  Time since last request: 4997.237385 seconds.
  path: Assets/Resources/Cards/Rarity0/Bone_Heap.jpg
  artifactKey: Guid(ae41878afff91654aad8afa1e850cdc5) Importer(815301076,1909f56bfc062723c751e8b465ee728b)
Start importing Assets/Resources/Cards/Rarity0/Bone_Heap.jpg using Guid(ae41878afff91654aad8afa1e850cdc5) Importer(815301076,1909f56bfc062723c751e8b465ee728b)  -> (artifact id: '293b731a84c1247bb1898b717fcdabc2') in 0.307792 seconds
  Import took 0.319847 seconds .

========================================================================
Received Import Request.
  Time since last request: 0.000764 seconds.
  path: Assets/Resources/Cards/Rarity0/Null.png
  artifactKey: Guid(a9f75d97cfd8ce34195644b90f2a027c) Importer(815301076,1909f56bfc062723c751e8b465ee728b)
Start importing Assets/Resources/Cards/Rarity0/Null.png using Guid(a9f75d97cfd8ce34195644b90f2a027c) Importer(815301076,1909f56bfc062723c751e8b465ee728b)  -> (artifact id: '92648de8b79ea26f1bc9ec4d756d0b09') in 0.075408 seconds
  Import took 0.087496 seconds .

========================================================================
Received Import Request.
  Time since last request: 0.000694 seconds.
  path: Assets/Resources/Cards/Rarity0/Raised_Dead.jpg
  artifactKey: Guid(e337a0e61f28a6545bed4f4df7afbb5a) Importer(815301076,1909f56bfc062723c751e8b465ee728b)
Start importing Assets/Resources/Cards/Rarity0/Raised_Dead.jpg using Guid(e337a0e61f28a6545bed4f4df7afbb5a) Importer(815301076,1909f56bfc062723c751e8b465ee728b)  -> (artifact id: 'c0345a868f6c52f689cc3632ecbd9bb1') in 0.074736 seconds
  Import took 0.090718 seconds .

========================================================================
Received Prepare
Registering precompiled user dll's ...
Registered in 0.001105 seconds.
Begin MonoManager ReloadAssembly
Native extension for WindowsStandalone target not found
Refreshing native plugins compatible for Editor in 0.43 ms, found 1 plugins.
Preloading 0 native plugins for Editor in 0.00 ms.
Invoked RoslynAnalysisRunner static constructor.
RoslynAnalysisRunner will not be running.
RoslynAnalysisRunner has terminated.
Mono: successfully reloaded assembly
- Completed reload, in  1.861 seconds
Platform modules already initialized, skipping
Refreshing native plugins compatible for Editor in 0.66 ms, found 1 plugins.
Preloading 0 native plugins for Editor in 0.00 ms.
Unloading 1788 Unused Serialized files (Serialized files now loaded: 0)
System memory in use before: 89.8 MB.
System memory in use after: 89.9 MB.

Unloading 8 unused Assets to reduce memory usage. Loaded Objects now: 2347.
Total: 3.626900 ms (FindLiveObjects: 0.363700 ms CreateObjectMapping: 0.124500 ms MarkObjects: 3.106700 ms  DeleteObjects: 0.029200 ms)

========================================================================
Received Prepare
Registering precompiled user dll's ...
Registered in 0.001046 seconds.
Begin MonoManager ReloadAssembly
Native extension for WindowsStandalone target not found
Refreshing native plugins compatible for Editor in 0.41 ms, found 1 plugins.
Preloading 0 native plugins for Editor in 0.00 ms.
Invoked RoslynAnalysisRunner static constructor.
RoslynAnalysisRunner will not be running.
RoslynAnalysisRunner has terminated.
Mono: successfully reloaded assembly
- Completed reload, in  1.390 seconds
Platform modules already initialized, skipping
Refreshing native plugins compatible for Editor in 0.67 ms, found 1 plugins.
Preloading 0 native plugins for Editor in 0.00 ms.
Unloading 1788 Unused Serialized files (Serialized files now loaded: 0)
System memory in use before: 89.1 MB.
System memory in use after: 89.2 MB.

Unloading 8 unused Assets to reduce memory usage. Loaded Objects now: 2349.
Total: 2.238900 ms (FindLiveObjects: 0.245500 ms CreateObjectMapping: 0.073500 ms MarkObjects: 1.900400 ms  DeleteObjects: 0.018300 ms)

========================================================================
Received Prepare
Registering precompiled user dll's ...
Registered in 0.001091 seconds.
Begin MonoManager ReloadAssembly
Native extension for WindowsStandalone target not found
Refreshing native plugins compatible for Editor in 0.42 ms, found 1 plugins.
Preloading 0 native plugins for Editor in 0.00 ms.
Invoked RoslynAnalysisRunner static constructor.
RoslynAnalysisRunner will not be running.
RoslynAnalysisRunner has terminated.
Mono: successfully reloaded assembly
- Completed reload, in  1.369 seconds
Platform modules already initialized, skipping
Refreshing native plugins compatible for Editor in 0.44 ms, found 1 plugins.
Preloading 0 native plugins for Editor in 0.00 ms.
Unloading 1788 Unused Serialized files (Serialized files now loaded: 0)
System memory in use before: 89.3 MB.
System memory in use after: 89.4 MB.

Unloading 8 unused Assets to reduce memory usage. Loaded Objects now: 2351.
Total: 2.493800 ms (FindLiveObjects: 0.206500 ms CreateObjectMapping: 0.085600 ms MarkObjects: 2.181900 ms  DeleteObjects: 0.018300 ms)

========================================================================
Received Prepare
Registering precompiled user dll's ...
Registered in 0.000837 seconds.
Begin MonoManager ReloadAssembly
Native extension for WindowsStandalone target not found
Refreshing native plugins compatible for Editor in 0.33 ms, found 1 plugins.
Preloading 0 native plugins for Editor in 0.00 ms.
Invoked RoslynAnalysisRunner static constructor.
RoslynAnalysisRunner will not be running.
RoslynAnalysisRunner has terminated.
Mono: successfully reloaded assembly
- Completed reload, in  0.807 seconds
Platform modules already initialized, skipping
Refreshing native plugins compatible for Editor in 0.32 ms, found 1 plugins.
Preloading 0 native plugins for Editor in 0.00 ms.
Unloading 1788 Unused Serialized files (Serialized files now loaded: 0)
System memory in use before: 89.5 MB.
System memory in use after: 89.6 MB.

Unloading 8 unused Assets to reduce memory usage. Loaded Objects now: 2353.
Total: 1.974000 ms (FindLiveObjects: 0.185400 ms CreateObjectMapping: 0.135400 ms MarkObjects: 1.640600 ms  DeleteObjects: 0.011800 ms)

========================================================================
Received Prepare
Registering precompiled user dll's ...
Registered in 0.000893 seconds.
Begin MonoManager ReloadAssembly
Native extension for WindowsStandalone target not found
Refreshing native plugins compatible for Editor in 0.32 ms, found 1 plugins.
Preloading 0 native plugins for Editor in 0.00 ms.
Invoked RoslynAnalysisRunner static constructor.
RoslynAnalysisRunner will not be running.
RoslynAnalysisRunner has terminated.
Mono: successfully reloaded assembly
- Completed reload, in  0.720 seconds
Platform modules already initialized, skipping
Refreshing native plugins compatible for Editor in 0.30 ms, found 1 plugins.
Preloading 0 native plugins for Editor in 0.00 ms.
Unloading 1788 Unused Serialized files (Serialized files now loaded: 0)
System memory in use before: 89.6 MB.
System memory in use after: 89.8 MB.

Unloading 8 unused Assets to reduce memory usage. Loaded Objects now: 2355.
Total: 4.035300 ms (FindLiveObjects: 0.374400 ms CreateObjectMapping: 0.177900 ms MarkObjects: 3.454000 ms  DeleteObjects: 0.027200 ms)

========================================================================
Received Prepare
Registering precompiled user dll's ...
Registered in 0.000820 seconds.
Begin MonoManager ReloadAssembly
Native extension for WindowsStandalone target not found
Refreshing native plugins compatible for Editor in 0.34 ms, found 1 plugins.
Preloading 0 native plugins for Editor in 0.00 ms.
Invoked RoslynAnalysisRunner static constructor.
RoslynAnalysisRunner will not be running.
RoslynAnalysisRunner has terminated.
Mono: successfully reloaded assembly
- Completed reload, in  0.781 seconds
Platform modules already initialized, skipping
Refreshing native plugins compatible for Editor in 0.31 ms, found 1 plugins.
Preloading 0 native plugins for Editor in 0.00 ms.
Unloading 1788 Unused Serialized files (Serialized files now loaded: 0)
System memory in use before: 89.8 MB.
System memory in use after: 89.9 MB.

Unloading 8 unused Assets to reduce memory usage. Loaded Objects now: 2357.
Total: 6.011400 ms (FindLiveObjects: 0.543100 ms CreateObjectMapping: 0.256300 ms MarkObjects: 5.160500 ms  DeleteObjects: 0.048700 ms)

========================================================================
Received Prepare
Registering precompiled user dll's ...
Registered in 0.000849 seconds.
Begin MonoManager ReloadAssembly
Native extension for WindowsStandalone target not found
Refreshing native plugins compatible for Editor in 0.39 ms, found 1 plugins.
Preloading 0 native plugins for Editor in 0.00 ms.
Invoked RoslynAnalysisRunner static constructor.
RoslynAnalysisRunner will not be running.
RoslynAnalysisRunner has terminated.
Mono: successfully reloaded assembly
- Completed reload, in  0.785 seconds
Platform modules already initialized, skipping
Refreshing native plugins compatible for Editor in 0.38 ms, found 1 plugins.
Preloading 0 native plugins for Editor in 0.00 ms.
Unloading 1788 Unused Serialized files (Serialized files now loaded: 0)
System memory in use before: 89.8 MB.
System memory in use after: 90.0 MB.

Unloading 8 unused Assets to reduce memory usage. Loaded Objects now: 2359.
Total: 1.875100 ms (FindLiveObjects: 0.235700 ms CreateObjectMapping: 0.084800 ms MarkObjects: 1.540800 ms  DeleteObjects: 0.013200 ms)

========================================================================
Received Prepare
Registering precompiled user dll's ...
Registered in 0.000814 seconds.
Begin MonoManager ReloadAssembly
Native extension for WindowsStandalone target not found
Refreshing native plugins compatible for Editor in 0.33 ms, found 1 plugins.
Preloading 0 native plugins for Editor in 0.00 ms.
Invoked RoslynAnalysisRunner static constructor.
RoslynAnalysisRunner will not be running.
RoslynAnalysisRunner has terminated.
Mono: successfully reloaded assembly
- Completed reload, in  0.760 seconds
Platform modules already initialized, skipping
Refreshing native plugins compatible for Editor in 0.32 ms, found 1 plugins.
Preloading 0 native plugins for Editor in 0.00 ms.
Unloading 1788 Unused Serialized files (Serialized files now loaded: 0)
System memory in use before: 89.2 MB.
System memory in use after: 89.3 MB.

Unloading 8 unused Assets to reduce memory usage. Loaded Objects now: 2361.
Total: 3.953800 ms (FindLiveObjects: 0.397400 ms CreateObjectMapping: 0.138600 ms MarkObjects: 3.388300 ms  DeleteObjects: 0.027700 ms)

========================================================================
Received Prepare
Registering precompiled user dll's ...
Registered in 0.000818 seconds.
Begin MonoManager ReloadAssembly
Native extension for WindowsStandalone target not found
Refreshing native plugins compatible for Editor in 0.32 ms, found 1 plugins.
Preloading 0 native plugins for Editor in 0.00 ms.
Invoked RoslynAnalysisRunner static constructor.
RoslynAnalysisRunner will not be running.
RoslynAnalysisRunner has terminated.
Mono: successfully reloaded assembly
- Completed reload, in  0.762 seconds
Platform modules already initialized, skipping
Refreshing native plugins compatible for Editor in 0.29 ms, found 1 plugins.
Preloading 0 native plugins for Editor in 0.00 ms.
Unloading 1788 Unused Serialized files (Serialized files now loaded: 0)
System memory in use before: 89.3 MB.
System memory in use after: 89.4 MB.

Unloading 8 unused Assets to reduce memory usage. Loaded Objects now: 2363.
Total: 4.155600 ms (FindLiveObjects: 0.395800 ms CreateObjectMapping: 0.164200 ms MarkObjects: 3.566400 ms  DeleteObjects: 0.027000 ms)

========================================================================
Received Prepare
Registering precompiled user dll's ...
Registered in 0.000822 seconds.
Begin MonoManager ReloadAssembly
Native extension for WindowsStandalone target not found
Refreshing native plugins compatible for Editor in 0.34 ms, found 1 plugins.
Preloading 0 native plugins for Editor in 0.00 ms.
Invoked RoslynAnalysisRunner static constructor.
RoslynAnalysisRunner will not be running.
RoslynAnalysisRunner has terminated.
Mono: successfully reloaded assembly
- Completed reload, in  0.766 seconds
Platform modules already initialized, skipping
Refreshing native plugins compatible for Editor in 0.38 ms, found 1 plugins.
Preloading 0 native plugins for Editor in 0.00 ms.
Unloading 1788 Unused Serialized files (Serialized files now loaded: 0)
System memory in use before: 89.5 MB.
System memory in use after: 89.6 MB.

Unloading 8 unused Assets to reduce memory usage. Loaded Objects now: 2365.
Total: 1.798800 ms (FindLiveObjects: 0.157200 ms CreateObjectMapping: 0.056500 ms MarkObjects: 1.571500 ms  DeleteObjects: 0.012800 ms)

========================================================================
Received Prepare
Registering precompiled user dll's ...
Registered in 0.000836 seconds.
Begin MonoManager ReloadAssembly
Native extension for WindowsStandalone target not found
Refreshing native plugins compatible for Editor in 0.33 ms, found 1 plugins.
Preloading 0 native plugins for Editor in 0.00 ms.
Invoked RoslynAnalysisRunner static constructor.
RoslynAnalysisRunner will not be running.
RoslynAnalysisRunner has terminated.
Mono: successfully reloaded assembly
- Completed reload, in  0.752 seconds
Platform modules already initialized, skipping
Refreshing native plugins compatible for Editor in 0.31 ms, found 1 plugins.
Preloading 0 native plugins for Editor in 0.00 ms.
Unloading 1788 Unused Serialized files (Serialized files now loaded: 0)
System memory in use before: 89.7 MB.
System memory in use after: 89.8 MB.

Unloading 8 unused Assets to reduce memory usage. Loaded Objects now: 2367.
Total: 3.894000 ms (FindLiveObjects: 0.354900 ms CreateObjectMapping: 0.162800 ms MarkObjects: 3.347400 ms  DeleteObjects: 0.027000 ms)

========================================================================
Received Prepare
Registering precompiled user dll's ...
Registered in 0.000823 seconds.
Begin MonoManager ReloadAssembly
Native extension for WindowsStandalone target not found
Refreshing native plugins compatible for Editor in 0.33 ms, found 1 plugins.
Preloading 0 native plugins for Editor in 0.00 ms.
Invoked RoslynAnalysisRunner static constructor.
RoslynAnalysisRunner will not be running.
RoslynAnalysisRunner has terminated.
Mono: successfully reloaded assembly
- Completed reload, in  0.743 seconds
Platform modules already initialized, skipping
Refreshing native plugins compatible for Editor in 0.30 ms, found 1 plugins.
Preloading 0 native plugins for Editor in 0.00 ms.
Unloading 1788 Unused Serialized files (Serialized files now loaded: 0)
System memory in use before: 89.9 MB.
System memory in use after: 90.0 MB.

Unloading 8 unused Assets to reduce memory usage. Loaded Objects now: 2369.
Total: 1.837900 ms (FindLiveObjects: 0.195200 ms CreateObjectMapping: 0.049100 ms MarkObjects: 1.581700 ms  DeleteObjects: 0.011300 ms)

========================================================================
Received Prepare
Registering precompiled user dll's ...
Registered in 0.000798 seconds.
Begin MonoManager ReloadAssembly
Native extension for WindowsStandalone target not found
Refreshing native plugins compatible for Editor in 0.33 ms, found 1 plugins.
Preloading 0 native plugins for Editor in 0.00 ms.
Invoked RoslynAnalysisRunner static constructor.
RoslynAnalysisRunner will not be running.
RoslynAnalysisRunner has terminated.
Mono: successfully reloaded assembly
- Completed reload, in  0.794 seconds
Platform modules already initialized, skipping
Refreshing native plugins compatible for Editor in 0.29 ms, found 1 plugins.
Preloading 0 native plugins for Editor in 0.00 ms.
Unloading 1788 Unused Serialized files (Serialized files now loaded: 0)
System memory in use before: 89.9 MB.
System memory in use after: 90.0 MB.

Unloading 8 unused Assets to reduce memory usage. Loaded Objects now: 2371.
Total: 3.492200 ms (FindLiveObjects: 0.286300 ms CreateObjectMapping: 0.131700 ms MarkObjects: 3.044400 ms  DeleteObjects: 0.028300 ms)

========================================================================
Received Prepare
Registering precompiled user dll's ...
Registered in 0.000886 seconds.
Begin MonoManager ReloadAssembly
Native extension for WindowsStandalone target not found
Refreshing native plugins compatible for Editor in 0.38 ms, found 1 plugins.
Preloading 0 native plugins for Editor in 0.00 ms.
Invoked RoslynAnalysisRunner static constructor.
RoslynAnalysisRunner will not be running.
RoslynAnalysisRunner has terminated.
Mono: successfully reloaded assembly
- Completed reload, in  0.880 seconds
Platform modules already initialized, skipping
Refreshing native plugins compatible for Editor in 0.31 ms, found 1 plugins.
Preloading 0 native plugins for Editor in 0.00 ms.
Unloading 1788 Unused Serialized files (Serialized files now loaded: 0)
System memory in use before: 89.2 MB.
System memory in use after: 89.3 MB.

Unloading 8 unused Assets to reduce memory usage. Loaded Objects now: 2373.
Total: 4.851300 ms (FindLiveObjects: 0.375300 ms CreateObjectMapping: 0.173200 ms MarkObjects: 4.273500 ms  DeleteObjects: 0.027200 ms)

========================================================================
Received Prepare
Registering precompiled user dll's ...
Registered in 0.000797 seconds.
Begin MonoManager ReloadAssembly
Native extension for WindowsStandalone target not found
Refreshing native plugins compatible for Editor in 0.37 ms, found 1 plugins.
Preloading 0 native plugins for Editor in 0.00 ms.
Invoked RoslynAnalysisRunner static constructor.
RoslynAnalysisRunner will not be running.
RoslynAnalysisRunner has terminated.
Mono: successfully reloaded assembly
- Completed reload, in  0.771 seconds
Platform modules already initialized, skipping
Refreshing native plugins compatible for Editor in 0.63 ms, found 1 plugins.
Preloading 0 native plugins for Editor in 0.00 ms.
Unloading 1788 Unused Serialized files (Serialized files now loaded: 0)
System memory in use before: 89.4 MB.
System memory in use after: 89.5 MB.

Unloading 8 unused Assets to reduce memory usage. Loaded Objects now: 2375.
Total: 1.832700 ms (FindLiveObjects: 0.194400 ms CreateObjectMapping: 0.058600 ms MarkObjects: 1.564900 ms  DeleteObjects: 0.013600 ms)

========================================================================
Received Prepare
Registering precompiled user dll's ...
Registered in 0.001361 seconds.
Begin MonoManager ReloadAssembly
Native extension for WindowsStandalone target not found
Refreshing native plugins compatible for Editor in 0.53 ms, found 1 plugins.
Preloading 0 native plugins for Editor in 0.00 ms.
Invoked RoslynAnalysisRunner static constructor.
RoslynAnalysisRunner will not be running.
RoslynAnalysisRunner has terminated.
Mono: successfully reloaded assembly
- Completed reload, in  1.088 seconds
Platform modules already initialized, skipping
Refreshing native plugins compatible for Editor in 0.38 ms, found 1 plugins.
Preloading 0 native plugins for Editor in 0.00 ms.
Unloading 1788 Unused Serialized files (Serialized files now loaded: 0)
System memory in use before: 89.5 MB.
System memory in use after: 89.7 MB.

Unloading 8 unused Assets to reduce memory usage. Loaded Objects now: 2377.
Total: 3.136100 ms (FindLiveObjects: 0.827400 ms CreateObjectMapping: 0.244500 ms MarkObjects: 2.045800 ms  DeleteObjects: 0.017300 ms)

AssetImportWorkerClient::OnTransportError - code=2 error=End of file
