Using pre-set license
Built from '2020.2/release' branch; Version is '2020.2.1f1 (270dd8c3da1c) revision 2559448'; Using compiler version '192528614'; Build Type 'Release'
OS: 'Windows 10  (10.0.0) 64bit' Language: 'en' Physical Memory: 16226 MB
BatchMode: 1, IsHumanControllingUs: 0, StartBugReporterOnCrash: 0, Is64bit: 1, IsPro: 0

 COMMAND LINE ARGUMENTS:
C:\Users\morte\Desktop\Background Stuff\Unity\2020.2.1f1\Editor\Unity.exe
-adb2
-batchMode
-noUpm
-name
AssetImportWorker1
-projectPath
C:/Users/morte/Desktop/Background Stuff/Unity/Rise_of_Mythos
-logFile
Logs/AssetImportWorker1.log
-srvPort
59778
Successfully changed project path to: C:/Users/morte/Desktop/Background Stuff/Unity/Rise_of_Mythos
C:/Users/morte/Desktop/Background Stuff/Unity/Rise_of_Mythos
Using Asset Import Pipeline V2.
Refreshing native plugins compatible for Editor in 52.84 ms, found 1 plugins.
Preloading 0 native plugins for Editor in 0.00 ms.
Initialize engine version: 2020.2.1f1 (270dd8c3da1c)
[Subsystems] Discovering subsystems at path C:/Users/morte/Desktop/Background Stuff/Unity/2020.2.1f1/Editor/Data/Resources/UnitySubsystems
[Subsystems] Discovering subsystems at path C:/Users/morte/Desktop/Background Stuff/Unity/Rise_of_Mythos/Assets
GfxDevice: creating device client; threaded=0
Direct3D:
    Version:  Direct3D 11.0 [level 11.1]
    Renderer: NVIDIA GeForce GTX 1660 Ti (ID=0x2191)
    Vendor:   
    VRAM:     5991 MB
    Driver:   27.21.14.5167
Initialize mono
Mono path[0] = 'C:/Users/morte/Desktop/Background Stuff/Unity/2020.2.1f1/Editor/Data/Managed'
Mono path[1] = 'C:/Users/morte/Desktop/Background Stuff/Unity/2020.2.1f1/Editor/Data/MonoBleedingEdge/lib/mono/unityjit'
Mono config path = 'C:/Users/morte/Desktop/Background Stuff/Unity/2020.2.1f1/Editor/Data/MonoBleedingEdge/etc'
Using monoOptions --debugger-agent=transport=dt_socket,embedding=1,server=y,suspend=n,address=127.0.0.1:56904
Begin MonoManager ReloadAssembly
Registering precompiled unity dll's ...
Register platform support module: C:/Users/morte/Desktop/Background Stuff/Unity/2020.2.1f1/Editor/Data/PlaybackEngines/WindowsStandaloneSupport/UnityEditor.WindowsStandalone.Extensions.dll
Registered in 0.006144 seconds.
Native extension for WindowsStandalone target not found
Refreshing native plugins compatible for Editor in 92.37 ms, found 1 plugins.
Preloading 0 native plugins for Editor in 0.00 ms.
Invoked RoslynAnalysisRunner static constructor.
RoslynAnalysisRunner will not be running.
RoslynAnalysisRunner has terminated.
Mono: successfully reloaded assembly
- Completed reload, in  3.183 seconds
Platform modules already initialized, skipping
Registering precompiled user dll's ...
Registered in 0.002241 seconds.
Begin MonoManager ReloadAssembly
Native extension for WindowsStandalone target not found
Refreshing native plugins compatible for Editor in 57.65 ms, found 1 plugins.
Preloading 0 native plugins for Editor in 0.00 ms.
Invoked RoslynAnalysisRunner static constructor.
RoslynAnalysisRunner will not be running.
RoslynAnalysisRunner has terminated.
Mono: successfully reloaded assembly
- Completed reload, in  2.343 seconds
Platform modules already initialized, skipping
========================================================================
Worker process is ready to serve import requests
Launched and connected shader compiler UnityShaderCompiler.exe after 0.05 seconds
Refreshing native plugins compatible for Editor in 0.49 ms, found 1 plugins.
Preloading 0 native plugins for Editor in 0.00 ms.
Unloading 1791 Unused Serialized files (Serialized files now loaded: 0)
System memory in use before: 83.8 MB.
System memory in use after: 83.9 MB.

Unloading 19 unused Assets to reduce memory usage. Loaded Objects now: 2237.
Total: 3.216300 ms (FindLiveObjects: 0.680800 ms CreateObjectMapping: 0.247800 ms MarkObjects: 2.225000 ms  DeleteObjects: 0.061000 ms)

========================================================================
Received Import Request.
  path: Assets/Resources/Assets/Card.prefab
  artifactKey: Guid(fd4677b830224c145af5d35e5aae2c29) Importer(815301076,1909f56bfc062723c751e8b465ee728b)
Start importing Assets/Resources/Assets/Card.prefab using Guid(fd4677b830224c145af5d35e5aae2c29) Importer(815301076,1909f56bfc062723c751e8b465ee728b)  -> (artifact id: 'e498a7b5f4d805e0c9398d32f9b33933') in 0.120925 seconds
  Import took 0.125615 seconds .

========================================================================
Received Prepare
Registering precompiled user dll's ...
Registered in 0.001372 seconds.
Begin MonoManager ReloadAssembly
Native extension for WindowsStandalone target not found
Refreshing native plugins compatible for Editor in 0.34 ms, found 1 plugins.
Preloading 0 native plugins for Editor in 0.00 ms.
Invoked RoslynAnalysisRunner static constructor.
RoslynAnalysisRunner will not be running.
RoslynAnalysisRunner has terminated.
Mono: successfully reloaded assembly
- Completed reload, in  2.061 seconds
Platform modules already initialized, skipping
Refreshing native plugins compatible for Editor in 0.60 ms, found 1 plugins.
Preloading 0 native plugins for Editor in 0.00 ms.
Unloading 1781 Unused Serialized files (Serialized files now loaded: 0)
System memory in use before: 83.6 MB.
System memory in use after: 83.7 MB.

Unloading 8 unused Assets to reduce memory usage. Loaded Objects now: 2241.
Total: 2.997100 ms (FindLiveObjects: 0.227400 ms CreateObjectMapping: 0.083000 ms MarkObjects: 2.650300 ms  DeleteObjects: 0.033800 ms)

========================================================================
Received Prepare
Registering precompiled user dll's ...
Registered in 0.001306 seconds.
Begin MonoManager ReloadAssembly
Native extension for WindowsStandalone target not found
Refreshing native plugins compatible for Editor in 0.62 ms, found 1 plugins.
Preloading 0 native plugins for Editor in 0.00 ms.
Invoked RoslynAnalysisRunner static constructor.
RoslynAnalysisRunner will not be running.
RoslynAnalysisRunner has terminated.
Mono: successfully reloaded assembly
- Completed reload, in  1.847 seconds
Platform modules already initialized, skipping
Refreshing native plugins compatible for Editor in 0.74 ms, found 1 plugins.
Preloading 0 native plugins for Editor in 0.00 ms.
Unloading 1781 Unused Serialized files (Serialized files now loaded: 0)
System memory in use before: 83.7 MB.
System memory in use after: 83.8 MB.

Unloading 8 unused Assets to reduce memory usage. Loaded Objects now: 2243.
Total: 4.846200 ms (FindLiveObjects: 0.363100 ms CreateObjectMapping: 0.164100 ms MarkObjects: 4.277900 ms  DeleteObjects: 0.038400 ms)

========================================================================
Received Prepare
Registering precompiled user dll's ...
Registered in 0.001131 seconds.
Begin MonoManager ReloadAssembly
Native extension for WindowsStandalone target not found
Refreshing native plugins compatible for Editor in 0.61 ms, found 1 plugins.
Preloading 0 native plugins for Editor in 0.00 ms.
Invoked RoslynAnalysisRunner static constructor.
RoslynAnalysisRunner will not be running.
RoslynAnalysisRunner has terminated.
Mono: successfully reloaded assembly
- Completed reload, in  2.000 seconds
Platform modules already initialized, skipping
Refreshing native plugins compatible for Editor in 0.66 ms, found 1 plugins.
Preloading 0 native plugins for Editor in 0.00 ms.
Unloading 1781 Unused Serialized files (Serialized files now loaded: 0)
System memory in use before: 83.8 MB.
System memory in use after: 83.9 MB.

Unloading 8 unused Assets to reduce memory usage. Loaded Objects now: 2245.
Total: 4.129600 ms (FindLiveObjects: 0.322200 ms CreateObjectMapping: 0.125400 ms MarkObjects: 3.650600 ms  DeleteObjects: 0.028900 ms)

========================================================================
Received Prepare
Registering precompiled user dll's ...
Registered in 0.002370 seconds.
Begin MonoManager ReloadAssembly
Native extension for WindowsStandalone target not found
Refreshing native plugins compatible for Editor in 0.59 ms, found 1 plugins.
Preloading 0 native plugins for Editor in 0.00 ms.
Invoked RoslynAnalysisRunner static constructor.
RoslynAnalysisRunner will not be running.
RoslynAnalysisRunner has terminated.
Mono: successfully reloaded assembly
- Completed reload, in  1.780 seconds
Platform modules already initialized, skipping
Refreshing native plugins compatible for Editor in 0.59 ms, found 1 plugins.
Preloading 0 native plugins for Editor in 0.00 ms.
Unloading 1781 Unused Serialized files (Serialized files now loaded: 0)
System memory in use before: 83.9 MB.
System memory in use after: 84.0 MB.

Unloading 8 unused Assets to reduce memory usage. Loaded Objects now: 2247.
Total: 4.186600 ms (FindLiveObjects: 0.390200 ms CreateObjectMapping: 0.169200 ms MarkObjects: 3.589600 ms  DeleteObjects: 0.034800 ms)

========================================================================
Received Prepare
Registering precompiled user dll's ...
Registered in 0.001260 seconds.
Begin MonoManager ReloadAssembly
Native extension for WindowsStandalone target not found
Refreshing native plugins compatible for Editor in 0.60 ms, found 1 plugins.
Preloading 0 native plugins for Editor in 0.00 ms.
Invoked RoslynAnalysisRunner static constructor.
RoslynAnalysisRunner will not be running.
RoslynAnalysisRunner has terminated.
Mono: successfully reloaded assembly
- Completed reload, in  1.961 seconds
Platform modules already initialized, skipping
Refreshing native plugins compatible for Editor in 0.73 ms, found 1 plugins.
Preloading 0 native plugins for Editor in 0.00 ms.
Unloading 1781 Unused Serialized files (Serialized files now loaded: 0)
System memory in use before: 84.0 MB.
System memory in use after: 84.1 MB.

Unloading 8 unused Assets to reduce memory usage. Loaded Objects now: 2249.
Total: 5.254800 ms (FindLiveObjects: 0.420600 ms CreateObjectMapping: 0.245900 ms MarkObjects: 4.542900 ms  DeleteObjects: 0.041600 ms)

========================================================================
Received Prepare
Registering precompiled user dll's ...
Registered in 0.001321 seconds.
Begin MonoManager ReloadAssembly
Native extension for WindowsStandalone target not found
Refreshing native plugins compatible for Editor in 1.20 ms, found 1 plugins.
Preloading 0 native plugins for Editor in 0.00 ms.
Invoked RoslynAnalysisRunner static constructor.
RoslynAnalysisRunner will not be running.
RoslynAnalysisRunner has terminated.
Mono: successfully reloaded assembly
- Completed reload, in  2.056 seconds
Platform modules already initialized, skipping
Refreshing native plugins compatible for Editor in 0.38 ms, found 1 plugins.
Preloading 0 native plugins for Editor in 0.00 ms.
Unloading 1781 Unused Serialized files (Serialized files now loaded: 0)
System memory in use before: 84.1 MB.
System memory in use after: 84.3 MB.

Unloading 8 unused Assets to reduce memory usage. Loaded Objects now: 2251.
Total: 2.249800 ms (FindLiveObjects: 0.220000 ms CreateObjectMapping: 0.068900 ms MarkObjects: 1.943300 ms  DeleteObjects: 0.016800 ms)

========================================================================
Received Prepare
Registering precompiled user dll's ...
Registered in 0.001272 seconds.
Begin MonoManager ReloadAssembly
Native extension for WindowsStandalone target not found
Refreshing native plugins compatible for Editor in 0.37 ms, found 1 plugins.
Preloading 0 native plugins for Editor in 0.00 ms.
Invoked RoslynAnalysisRunner static constructor.
RoslynAnalysisRunner will not be running.
RoslynAnalysisRunner has terminated.
Mono: successfully reloaded assembly
- Completed reload, in  1.659 seconds
Platform modules already initialized, skipping
Refreshing native plugins compatible for Editor in 0.65 ms, found 1 plugins.
Preloading 0 native plugins for Editor in 0.00 ms.
Unloading 1781 Unused Serialized files (Serialized files now loaded: 0)
System memory in use before: 84.2 MB.
System memory in use after: 84.4 MB.

Unloading 8 unused Assets to reduce memory usage. Loaded Objects now: 2253.
Total: 3.158700 ms (FindLiveObjects: 0.208700 ms CreateObjectMapping: 0.087400 ms MarkObjects: 2.827000 ms  DeleteObjects: 0.033400 ms)

========================================================================
Received Prepare
Registering precompiled user dll's ...
Registered in 0.003121 seconds.
Begin MonoManager ReloadAssembly
Native extension for WindowsStandalone target not found
Refreshing native plugins compatible for Editor in 0.36 ms, found 1 plugins.
Preloading 0 native plugins for Editor in 0.00 ms.
Invoked RoslynAnalysisRunner static constructor.
RoslynAnalysisRunner will not be running.
RoslynAnalysisRunner has terminated.
Mono: successfully reloaded assembly
- Completed reload, in  2.049 seconds
Platform modules already initialized, skipping
Refreshing native plugins compatible for Editor in 1.01 ms, found 1 plugins.
Preloading 0 native plugins for Editor in 0.00 ms.
Unloading 1781 Unused Serialized files (Serialized files now loaded: 0)
System memory in use before: 84.3 MB.
System memory in use after: 84.5 MB.

Unloading 8 unused Assets to reduce memory usage. Loaded Objects now: 2255.
Total: 4.888200 ms (FindLiveObjects: 0.308700 ms CreateObjectMapping: 0.148800 ms MarkObjects: 4.376700 ms  DeleteObjects: 0.051800 ms)

========================================================================
Received Prepare
Registering precompiled user dll's ...
Registered in 0.001116 seconds.
Begin MonoManager ReloadAssembly
Native extension for WindowsStandalone target not found
Refreshing native plugins compatible for Editor in 0.61 ms, found 1 plugins.
Preloading 0 native plugins for Editor in 0.00 ms.
Invoked RoslynAnalysisRunner static constructor.
RoslynAnalysisRunner will not be running.
RoslynAnalysisRunner has terminated.
Mono: successfully reloaded assembly
- Completed reload, in  1.774 seconds
Platform modules already initialized, skipping
Refreshing native plugins compatible for Editor in 0.64 ms, found 1 plugins.
Preloading 0 native plugins for Editor in 0.00 ms.
Unloading 1781 Unused Serialized files (Serialized files now loaded: 0)
System memory in use before: 84.5 MB.
System memory in use after: 84.6 MB.

Unloading 8 unused Assets to reduce memory usage. Loaded Objects now: 2257.
Total: 4.294600 ms (FindLiveObjects: 0.330500 ms CreateObjectMapping: 0.147500 ms MarkObjects: 3.780600 ms  DeleteObjects: 0.033600 ms)

========================================================================
Received Prepare
Registering precompiled user dll's ...
Registered in 0.002574 seconds.
Begin MonoManager ReloadAssembly
Native extension for WindowsStandalone target not found
Refreshing native plugins compatible for Editor in 0.41 ms, found 1 plugins.
Preloading 0 native plugins for Editor in 0.00 ms.
Invoked RoslynAnalysisRunner static constructor.
RoslynAnalysisRunner will not be running.
RoslynAnalysisRunner has terminated.
Mono: successfully reloaded assembly
- Completed reload, in  1.734 seconds
Platform modules already initialized, skipping
Refreshing native plugins compatible for Editor in 0.44 ms, found 1 plugins.
Preloading 0 native plugins for Editor in 0.00 ms.
Unloading 1794 Unused Serialized files (Serialized files now loaded: 0)
System memory in use before: 86.2 MB.
System memory in use after: 85.7 MB.

Unloading 21 unused Assets to reduce memory usage. Loaded Objects now: 2259.
Total: 4.582400 ms (FindLiveObjects: 0.474800 ms CreateObjectMapping: 0.248400 ms MarkObjects: 3.298900 ms  DeleteObjects: 0.557700 ms)

========================================================================
Received Prepare
Registering precompiled user dll's ...
Registered in 0.001174 seconds.
Begin MonoManager ReloadAssembly
Native extension for WindowsStandalone target not found
Refreshing native plugins compatible for Editor in 0.61 ms, found 1 plugins.
Preloading 0 native plugins for Editor in 0.00 ms.
Invoked RoslynAnalysisRunner static constructor.
RoslynAnalysisRunner will not be running.
RoslynAnalysisRunner has terminated.
Mono: successfully reloaded assembly
- Completed reload, in  2.111 seconds
Platform modules already initialized, skipping
Refreshing native plugins compatible for Editor in 0.67 ms, found 1 plugins.
Preloading 0 native plugins for Editor in 0.00 ms.
Unloading 1794 Unused Serialized files (Serialized files now loaded: 0)
System memory in use before: 86.4 MB.
System memory in use after: 85.9 MB.

Unloading 21 unused Assets to reduce memory usage. Loaded Objects now: 2261.
Total: 6.886900 ms (FindLiveObjects: 0.348000 ms CreateObjectMapping: 0.148100 ms MarkObjects: 5.471700 ms  DeleteObjects: 0.916200 ms)

========================================================================
Received Prepare
Registering precompiled user dll's ...
Registered in 0.001322 seconds.
Begin MonoManager ReloadAssembly
Native extension for WindowsStandalone target not found
Refreshing native plugins compatible for Editor in 0.36 ms, found 1 plugins.
Preloading 0 native plugins for Editor in 0.00 ms.
Invoked RoslynAnalysisRunner static constructor.
RoslynAnalysisRunner will not be running.
RoslynAnalysisRunner has terminated.
Mono: successfully reloaded assembly
- Completed reload, in  1.826 seconds
Platform modules already initialized, skipping
Refreshing native plugins compatible for Editor in 0.39 ms, found 1 plugins.
Preloading 0 native plugins for Editor in 0.00 ms.
Unloading 1794 Unused Serialized files (Serialized files now loaded: 0)
System memory in use before: 86.5 MB.
System memory in use after: 86.0 MB.

Unloading 21 unused Assets to reduce memory usage. Loaded Objects now: 2263.
Total: 2.796400 ms (FindLiveObjects: 0.250500 ms CreateObjectMapping: 0.083600 ms MarkObjects: 2.083400 ms  DeleteObjects: 0.377800 ms)

========================================================================
Received Prepare
Registering precompiled user dll's ...
Registered in 0.001323 seconds.
Begin MonoManager ReloadAssembly
Native extension for WindowsStandalone target not found
Refreshing native plugins compatible for Editor in 0.42 ms, found 1 plugins.
Preloading 0 native plugins for Editor in 0.00 ms.
Invoked RoslynAnalysisRunner static constructor.
RoslynAnalysisRunner will not be running.
RoslynAnalysisRunner has terminated.
Mono: successfully reloaded assembly
- Completed reload, in  1.911 seconds
Platform modules already initialized, skipping
Refreshing native plugins compatible for Editor in 0.76 ms, found 1 plugins.
Preloading 0 native plugins for Editor in 0.00 ms.
Unloading 1794 Unused Serialized files (Serialized files now loaded: 0)
System memory in use before: 86.6 MB.
System memory in use after: 86.1 MB.

Unloading 21 unused Assets to reduce memory usage. Loaded Objects now: 2265.
Total: 4.417600 ms (FindLiveObjects: 0.434600 ms CreateObjectMapping: 0.156800 ms MarkObjects: 3.235300 ms  DeleteObjects: 0.589000 ms)

========================================================================
Received Import Request.
  Time since last request: 705.443317 seconds.
  path: Assets/TextMesh Pro/Resources/Fonts & Materials/LiberationSans SDF - Drop Shadow.mat
  artifactKey: Guid(e73a58f6e2794ae7b1b7e50b7fb811b0) Importer(815301076,1909f56bfc062723c751e8b465ee728b)
Start importing Assets/TextMesh Pro/Resources/Fonts & Materials/LiberationSans SDF - Drop Shadow.mat using Guid(e73a58f6e2794ae7b1b7e50b7fb811b0) Importer(815301076,1909f56bfc062723c751e8b465ee728b)  -> (artifact id: 'c9f838aa9920f0a87f0d9c9c00e166a9') in 0.368147 seconds
  Import took 0.372733 seconds .

========================================================================
Received Import Request.
  Time since last request: 0.000396 seconds.
  path: Assets/TextMesh Pro/Resources/Fonts & Materials/LiberationSans SDF - Outline.mat
  artifactKey: Guid(79459efec17a4d00a321bdcc27bbc385) Importer(815301076,1909f56bfc062723c751e8b465ee728b)
Start importing Assets/TextMesh Pro/Resources/Fonts & Materials/LiberationSans SDF - Outline.mat using Guid(79459efec17a4d00a321bdcc27bbc385) Importer(815301076,1909f56bfc062723c751e8b465ee728b)  -> (artifact id: '6d9fcbcb84b37b887c31e305afb13524') in 0.153978 seconds
  Import took 0.159393 seconds .

========================================================================
Received Import Request.
  Time since last request: 0.000355 seconds.
  path: Assets/TextMesh Pro/Resources/Fonts & Materials/LiberationSans SDF - Fallback.asset
  artifactKey: Guid(2e498d1c8094910479dc3e1b768306a4) Importer(815301076,1909f56bfc062723c751e8b465ee728b)
Start importing Assets/TextMesh Pro/Resources/Fonts & Materials/LiberationSans SDF - Fallback.asset using Guid(2e498d1c8094910479dc3e1b768306a4) Importer(815301076,1909f56bfc062723c751e8b465ee728b)  -> (artifact id: '4537c845667f4fa7a13ced69bf8f583b') in 0.078001 seconds
  Import took 0.082859 seconds .

========================================================================
Received Import Request.
  Time since last request: 0.000398 seconds.
  path: Assets/TextMesh Pro/Resources/Fonts & Materials/LiberationSans SDF - Drop Shadow.mat
  artifactKey: Guid(e73a58f6e2794ae7b1b7e50b7fb811b0) Importer(815301076,1909f56bfc062723c751e8b465ee728b)
Start importing Assets/TextMesh Pro/Resources/Fonts & Materials/LiberationSans SDF - Drop Shadow.mat using Guid(e73a58f6e2794ae7b1b7e50b7fb811b0) Importer(815301076,1909f56bfc062723c751e8b465ee728b)  -> (artifact id: 'c9f838aa9920f0a87f0d9c9c00e166a9') in 0.065112 seconds
  Import took 0.073382 seconds .

========================================================================
Received Import Request.
  Time since last request: 0.000478 seconds.
  path: Assets/TextMesh Pro/Resources/Fonts & Materials/LiberationSans SDF - Fallback.asset
  artifactKey: Guid(2e498d1c8094910479dc3e1b768306a4) Importer(815301076,1909f56bfc062723c751e8b465ee728b)
Start importing Assets/TextMesh Pro/Resources/Fonts & Materials/LiberationSans SDF - Fallback.asset using Guid(2e498d1c8094910479dc3e1b768306a4) Importer(815301076,1909f56bfc062723c751e8b465ee728b)  -> (artifact id: '4537c845667f4fa7a13ced69bf8f583b') in 0.033457 seconds
  Import took 0.039958 seconds .

========================================================================
Received Import Request.
  Time since last request: 0.000558 seconds.
  path: Assets/TextMesh Pro/Resources/Fonts & Materials/LiberationSans SDF.asset
  artifactKey: Guid(8f586378b4e144a9851e7b34d9b748ee) Importer(815301076,1909f56bfc062723c751e8b465ee728b)
Start importing Assets/TextMesh Pro/Resources/Fonts & Materials/LiberationSans SDF.asset using Guid(8f586378b4e144a9851e7b34d9b748ee) Importer(815301076,1909f56bfc062723c751e8b465ee728b)  -> (artifact id: 'f45b531e2dbacb6e4a37e1e6014cda26') in 0.171229 seconds
  Import took 0.179399 seconds .

========================================================================
Received Prepare
Registering precompiled user dll's ...
Registered in 0.001625 seconds.
Begin MonoManager ReloadAssembly
Native extension for WindowsStandalone target not found
Refreshing native plugins compatible for Editor in 0.61 ms, found 1 plugins.
Preloading 0 native plugins for Editor in 0.00 ms.
Invoked RoslynAnalysisRunner static constructor.
RoslynAnalysisRunner will not be running.
RoslynAnalysisRunner has terminated.
Mono: successfully reloaded assembly
- Completed reload, in  2.073 seconds
Platform modules already initialized, skipping
Refreshing native plugins compatible for Editor in 0.63 ms, found 1 plugins.
Preloading 0 native plugins for Editor in 0.00 ms.
Unloading 1794 Unused Serialized files (Serialized files now loaded: 0)
System memory in use before: 90.5 MB.
System memory in use after: 90.0 MB.

Unloading 20 unused Assets to reduce memory usage. Loaded Objects now: 2311.
Total: 5.420700 ms (FindLiveObjects: 1.060600 ms CreateObjectMapping: 0.278700 ms MarkObjects: 3.538800 ms  DeleteObjects: 0.537000 ms)

========================================================================
Received Prepare
Registering precompiled user dll's ...
Registered in 0.001833 seconds.
Begin MonoManager ReloadAssembly
Native extension for WindowsStandalone target not found
Refreshing native plugins compatible for Editor in 0.65 ms, found 1 plugins.
Preloading 0 native plugins for Editor in 0.00 ms.
Invoked RoslynAnalysisRunner static constructor.
RoslynAnalysisRunner will not be running.
RoslynAnalysisRunner has terminated.
Mono: successfully reloaded assembly
- Completed reload, in  1.885 seconds
Platform modules already initialized, skipping
Refreshing native plugins compatible for Editor in 0.49 ms, found 1 plugins.
Preloading 0 native plugins for Editor in 0.00 ms.
Unloading 1793 Unused Serialized files (Serialized files now loaded: 0)
System memory in use before: 90.5 MB.
System memory in use after: 90.1 MB.

Unloading 20 unused Assets to reduce memory usage. Loaded Objects now: 2313.
Total: 2.951500 ms (FindLiveObjects: 0.435900 ms CreateObjectMapping: 0.161500 ms MarkObjects: 2.020500 ms  DeleteObjects: 0.332600 ms)

========================================================================
Received Prepare
Registering precompiled user dll's ...
Registered in 0.001173 seconds.
Begin MonoManager ReloadAssembly
Native extension for WindowsStandalone target not found
Refreshing native plugins compatible for Editor in 0.60 ms, found 1 plugins.
Preloading 0 native plugins for Editor in 0.00 ms.
Invoked RoslynAnalysisRunner static constructor.
RoslynAnalysisRunner will not be running.
RoslynAnalysisRunner has terminated.
Mono: successfully reloaded assembly
- Completed reload, in  2.213 seconds
Platform modules already initialized, skipping
Refreshing native plugins compatible for Editor in 0.40 ms, found 1 plugins.
Preloading 0 native plugins for Editor in 0.00 ms.
Unloading 1793 Unused Serialized files (Serialized files now loaded: 0)
System memory in use before: 90.6 MB.
System memory in use after: 90.2 MB.

Unloading 20 unused Assets to reduce memory usage. Loaded Objects now: 2315.
Total: 2.891000 ms (FindLiveObjects: 0.241400 ms CreateObjectMapping: 0.078400 ms MarkObjects: 2.231400 ms  DeleteObjects: 0.338500 ms)

========================================================================
Received Prepare
Registering precompiled user dll's ...
Registered in 0.001718 seconds.
Begin MonoManager ReloadAssembly
Native extension for WindowsStandalone target not found
Refreshing native plugins compatible for Editor in 0.78 ms, found 1 plugins.
Preloading 0 native plugins for Editor in 0.00 ms.
Invoked RoslynAnalysisRunner static constructor.
RoslynAnalysisRunner will not be running.
RoslynAnalysisRunner has terminated.
Mono: successfully reloaded assembly
- Completed reload, in  1.927 seconds
Platform modules already initialized, skipping
Refreshing native plugins compatible for Editor in 0.63 ms, found 1 plugins.
Preloading 0 native plugins for Editor in 0.00 ms.
Unloading 1793 Unused Serialized files (Serialized files now loaded: 0)
System memory in use before: 90.7 MB.
System memory in use after: 90.3 MB.

Unloading 20 unused Assets to reduce memory usage. Loaded Objects now: 2317.
Total: 4.530100 ms (FindLiveObjects: 0.457300 ms CreateObjectMapping: 0.236400 ms MarkObjects: 3.268900 ms  DeleteObjects: 0.564600 ms)

========================================================================
Received Prepare
Registering precompiled user dll's ...
Registered in 0.001438 seconds.
Begin MonoManager ReloadAssembly
Native extension for WindowsStandalone target not found
Refreshing native plugins compatible for Editor in 0.61 ms, found 1 plugins.
Preloading 0 native plugins for Editor in 0.00 ms.
Invoked RoslynAnalysisRunner static constructor.
RoslynAnalysisRunner will not be running.
RoslynAnalysisRunner has terminated.
Mono: successfully reloaded assembly
- Completed reload, in  2.060 seconds
Platform modules already initialized, skipping
Refreshing native plugins compatible for Editor in 0.63 ms, found 1 plugins.
Preloading 0 native plugins for Editor in 0.00 ms.
Unloading 1793 Unused Serialized files (Serialized files now loaded: 0)
System memory in use before: 90.9 MB.
System memory in use after: 90.4 MB.

Unloading 20 unused Assets to reduce memory usage. Loaded Objects now: 2319.
Total: 3.258500 ms (FindLiveObjects: 0.192500 ms CreateObjectMapping: 0.077900 ms MarkObjects: 2.644700 ms  DeleteObjects: 0.342000 ms)

========================================================================
Received Prepare
Registering precompiled user dll's ...
Registered in 0.001194 seconds.
Begin MonoManager ReloadAssembly
Native extension for WindowsStandalone target not found
Refreshing native plugins compatible for Editor in 0.60 ms, found 1 plugins.
Preloading 0 native plugins for Editor in 0.00 ms.
Invoked RoslynAnalysisRunner static constructor.
RoslynAnalysisRunner will not be running.
RoslynAnalysisRunner has terminated.
Mono: successfully reloaded assembly
- Completed reload, in  2.013 seconds
Platform modules already initialized, skipping
Refreshing native plugins compatible for Editor in 0.62 ms, found 1 plugins.
Preloading 0 native plugins for Editor in 0.00 ms.
Unloading 1793 Unused Serialized files (Serialized files now loaded: 0)
System memory in use before: 90.9 MB.
System memory in use after: 90.5 MB.

Unloading 20 unused Assets to reduce memory usage. Loaded Objects now: 2321.
Total: 3.043800 ms (FindLiveObjects: 0.274500 ms CreateObjectMapping: 0.097500 ms MarkObjects: 2.322000 ms  DeleteObjects: 0.348600 ms)

========================================================================
Received Prepare
Registering precompiled user dll's ...
Registered in 0.001232 seconds.
Begin MonoManager ReloadAssembly
Native extension for WindowsStandalone target not found
Refreshing native plugins compatible for Editor in 0.60 ms, found 1 plugins.
Preloading 0 native plugins for Editor in 0.00 ms.
Invoked RoslynAnalysisRunner static constructor.
RoslynAnalysisRunner will not be running.
RoslynAnalysisRunner has terminated.
Mono: successfully reloaded assembly
- Completed reload, in  2.115 seconds
Platform modules already initialized, skipping
Refreshing native plugins compatible for Editor in 0.46 ms, found 1 plugins.
Preloading 0 native plugins for Editor in 0.00 ms.
Unloading 1793 Unused Serialized files (Serialized files now loaded: 0)
System memory in use before: 90.1 MB.
System memory in use after: 89.6 MB.

Unloading 20 unused Assets to reduce memory usage. Loaded Objects now: 2323.
Total: 2.974600 ms (FindLiveObjects: 0.283700 ms CreateObjectMapping: 0.074900 ms MarkObjects: 2.235400 ms  DeleteObjects: 0.379400 ms)

========================================================================
Received Prepare
Registering precompiled user dll's ...
Registered in 0.000840 seconds.
Begin MonoManager ReloadAssembly
Native extension for WindowsStandalone target not found
Refreshing native plugins compatible for Editor in 0.33 ms, found 1 plugins.
Preloading 0 native plugins for Editor in 0.00 ms.
Invoked RoslynAnalysisRunner static constructor.
RoslynAnalysisRunner will not be running.
RoslynAnalysisRunner has terminated.
Mono: successfully reloaded assembly
- Completed reload, in  0.855 seconds
Platform modules already initialized, skipping
Refreshing native plugins compatible for Editor in 0.33 ms, found 1 plugins.
Preloading 0 native plugins for Editor in 0.00 ms.
Unloading 1793 Unused Serialized files (Serialized files now loaded: 0)
System memory in use before: 90.2 MB.
System memory in use after: 89.8 MB.

Unloading 20 unused Assets to reduce memory usage. Loaded Objects now: 2325.
Total: 6.817000 ms (FindLiveObjects: 0.463600 ms CreateObjectMapping: 0.245100 ms MarkObjects: 5.431000 ms  DeleteObjects: 0.673900 ms)

AssetImportWorkerClient::OnTransportError - code=2 error=End of file
